{
  "stats": {
    "suites": 1,
    "tests": 3,
    "passes": 3,
    "pending": 0,
    "failures": 0,
    "start": "2023-07-10T20:53:20.691Z",
    "end": "2023-07-10T20:53:41.371Z",
    "duration": 20680,
    "testsRegistered": 3,
    "passPercent": 100,
    "pendingPercent": 0,
    "other": 0,
    "hasOther": false,
    "skipped": 0,
    "hasSkipped": false
  },
  "results": [
    {
      "uuid": "85e70a89-2515-4c24-a400-1fb8f23cfe0e",
      "title": "",
      "fullFile": "cypress/e2e/carrinho.cy.js",
      "file": "cypress/e2e/carrinho.cy.js",
      "beforeHooks": [],
      "afterHooks": [],
      "tests": [],
      "suites": [
        {
          "uuid": "8f285183-9b3c-4651-b429-35437b2ac73a",
          "title": "Operações no carrinho",
          "fullFile": "",
          "file": "",
          "beforeHooks": [],
          "afterHooks": [],
          "tests": [
            {
              "title": "deve adicionar produto no carrinho com sucesso",
              "fullTitle": "Operações no carrinho deve adicionar produto no carrinho com sucesso",
              "timedOut": null,
              "duration": 6571,
              "state": "passed",
              "speed": "medium",
              "pass": true,
              "fail": false,
              "pending": false,
              "context": null,
              "code": "let mensagem = \"\\n                      Ver carrinho\\n                      “Augusta Pullover Jacket” foi adicionado no\\n                      seu carrinho.\\n                    \";\n_productPage.default.validaMensagemAdicionado(mensagem);",
              "err": {},
              "uuid": "53abc6a2-d650-473d-aad4-df55b9323325",
              "parentUUID": "8f285183-9b3c-4651-b429-35437b2ac73a",
              "isHook": false,
              "skipped": false
            },
            {
              "title": "deve atualizar produto no carrinho com sucesso",
              "fullTitle": "Operações no carrinho deve atualizar produto no carrinho com sucesso",
              "timedOut": null,
              "duration": 7070,
              "state": "passed",
              "speed": "medium",
              "pass": true,
              "fail": false,
              "pending": false,
              "context": null,
              "code": "let mensagem = \"Carrinho atualizado.\";\nlet quantidade = Math.floor(Math.random() * 10);\n_productPage.default.irParaCarrinho();\n_carrinhoPage.default.atualizaCarrinho(quantidade);\n_carrinhoPage.default.validaMensagemAdicionado(mensagem);",
              "err": {},
              "uuid": "b338701e-d500-4743-8a51-a78037bc68bb",
              "parentUUID": "8f285183-9b3c-4651-b429-35437b2ac73a",
              "isHook": false,
              "skipped": false
            },
            {
              "title": "deve remover um produto do carrinho com sucesso",
              "fullTitle": "Operações no carrinho deve remover um produto do carrinho com sucesso",
              "timedOut": null,
              "duration": 6826,
              "state": "passed",
              "speed": "medium",
              "pass": true,
              "fail": false,
              "pending": false,
              "context": null,
              "code": "let mensagem = \"“Augusta Pullover Jacket” removido.\";\n_productPage.default.irParaCarrinho();\n_carrinhoPage.default.removeItem();\n_carrinhoPage.default.validaMensagemAdicionado(mensagem);",
              "err": {},
              "uuid": "4102671d-0671-4394-a913-3cc6b4f03adf",
              "parentUUID": "8f285183-9b3c-4651-b429-35437b2ac73a",
              "isHook": false,
              "skipped": false
            }
          ],
          "suites": [],
          "passes": [
            "53abc6a2-d650-473d-aad4-df55b9323325",
            "b338701e-d500-4743-8a51-a78037bc68bb",
            "4102671d-0671-4394-a913-3cc6b4f03adf"
          ],
          "failures": [],
          "pending": [],
          "skipped": [],
          "duration": 20467,
          "root": false,
          "rootEmpty": false,
          "_timeout": 2000
        }
      ],
      "passes": [],
      "failures": [],
      "pending": [],
      "skipped": [],
      "duration": 0,
      "root": true,
      "rootEmpty": true,
      "_timeout": 2000
    }
  ],
  "meta": {
    "mocha": {
      "version": "7.0.1"
    },
    "mochawesome": {
      "options": {
        "quiet": false,
        "reportFilename": "mochawesome",
        "saveHtml": false,
        "saveJson": true,
        "consoleReporter": "spec",
        "useInlineDiffs": false,
        "code": true
      },
      "version": "7.1.3"
    },
    "marge": {
      "options": {
        "reportDir": "cypress/results",
        "overwrite": false,
        "html": false,
        "json": true
      },
      "version": "6.2.0"
    }
  }
}