{
  "stats": {
    "suites": 1,
    "tests": 4,
    "passes": 4,
    "pending": 0,
    "failures": 0,
    "start": "2023-07-10T20:37:16.765Z",
    "end": "2023-07-10T20:37:37.450Z",
    "duration": 20685,
    "testsRegistered": 4,
    "passPercent": 100,
    "pendingPercent": 0,
    "other": 0,
    "hasOther": false,
    "skipped": 0,
    "hasSkipped": false
  },
  "results": [
    {
      "uuid": "a17239be-b024-43c3-a06f-c3734f17daf3",
      "title": "",
      "fullFile": "cypress/e2e/cadastro_de_conta.cy.js",
      "file": "cypress/e2e/cadastro_de_conta.cy.js",
      "beforeHooks": [],
      "afterHooks": [],
      "tests": [],
      "suites": [
        {
          "uuid": "9c367572-22e0-459a-806f-41e05f75fe09",
          "title": "Cadastro de conta",
          "fullFile": "",
          "file": "",
          "beforeHooks": [],
          "afterHooks": [],
          "tests": [
            {
              "title": "deve cadastrar uma conta com sucesso",
              "fullTitle": "Cadastro de conta deve cadastrar uma conta com sucesso",
              "timedOut": null,
              "duration": 8755,
              "state": "passed",
              "speed": "medium",
              "pass": true,
              "fail": false,
              "pending": false,
              "context": null,
              "code": "let email = _faker.faker.internet.email();\nemailJaCadastrado = email;\n_minhaConta.default.preencheEmailSenha(email, dados.senha);\n_minhaConta.default.verificaSucesso();",
              "err": {},
              "uuid": "f80f90bf-8a90-4246-a913-e037d6c1bbfd",
              "parentUUID": "9c367572-22e0-459a-806f-41e05f75fe09",
              "isHook": false,
              "skipped": false
            },
            {
              "title": "não deve cadastrar uma conta usando email já cadastrado",
              "fullTitle": "Cadastro de conta não deve cadastrar uma conta usando email já cadastrado",
              "timedOut": null,
              "duration": 4591,
              "state": "passed",
              "speed": "fast",
              "pass": true,
              "fail": false,
              "pending": false,
              "context": null,
              "code": "_minhaConta.default.preencheEmailSenha(emailJaCadastrado, dados.senha);\n_minhaConta.default.mensagemDeErro();",
              "err": {},
              "uuid": "0b0ff246-421f-4a53-bb18-0bf3c7b18dcb",
              "parentUUID": "9c367572-22e0-459a-806f-41e05f75fe09",
              "isHook": false,
              "skipped": false
            },
            {
              "title": "não deve cadastrar uma conta com email inválido",
              "fullTitle": "Cadastro de conta não deve cadastrar uma conta com email inválido",
              "timedOut": null,
              "duration": 3106,
              "state": "passed",
              "speed": "fast",
              "pass": true,
              "fail": false,
              "pending": false,
              "context": null,
              "code": "let email = \"teste\";\n_minhaConta.default.preencheEmailSenha(email, dados.senha);\n_minhaConta.default.verificaFalha();",
              "err": {},
              "uuid": "8324213f-cf00-4719-b8e0-9ae7beafa147",
              "parentUUID": "9c367572-22e0-459a-806f-41e05f75fe09",
              "isHook": false,
              "skipped": false
            },
            {
              "title": "não deve cadastrar uma conta com senha em branco",
              "fullTitle": "Cadastro de conta não deve cadastrar uma conta com senha em branco",
              "timedOut": null,
              "duration": 4052,
              "state": "passed",
              "speed": "fast",
              "pass": true,
              "fail": false,
              "pending": false,
              "context": null,
              "code": "let email = _faker.faker.internet.email();\n_minhaConta.default.preencheEmail(email);\n_minhaConta.default.mensagemDeErro();",
              "err": {},
              "uuid": "153b2218-4bce-4ec0-b3e0-b8c96d6be7bc",
              "parentUUID": "9c367572-22e0-459a-806f-41e05f75fe09",
              "isHook": false,
              "skipped": false
            }
          ],
          "suites": [],
          "passes": [
            "f80f90bf-8a90-4246-a913-e037d6c1bbfd",
            "0b0ff246-421f-4a53-bb18-0bf3c7b18dcb",
            "8324213f-cf00-4719-b8e0-9ae7beafa147",
            "153b2218-4bce-4ec0-b3e0-b8c96d6be7bc"
          ],
          "failures": [],
          "pending": [],
          "skipped": [],
          "duration": 20504,
          "root": false,
          "rootEmpty": false,
          "_timeout": 2000
        }
      ],
      "passes": [],
      "failures": [],
      "pending": [],
      "skipped": [],
      "duration": 0,
      "root": true,
      "rootEmpty": true,
      "_timeout": 2000
    }
  ],
  "meta": {
    "mocha": {
      "version": "7.0.1"
    },
    "mochawesome": {
      "options": {
        "quiet": false,
        "reportFilename": "mochawesome",
        "saveHtml": false,
        "saveJson": true,
        "consoleReporter": "spec",
        "useInlineDiffs": false,
        "code": true
      },
      "version": "7.1.3"
    },
    "marge": {
      "options": {
        "reportDir": "cypress/results",
        "overwrite": false,
        "html": false,
        "json": true
      },
      "version": "6.2.0"
    }
  }
}