{
  "stats": {
    "suites": 1,
    "tests": 4,
    "passes": 4,
    "pending": 0,
    "failures": 0,
    "start": "2023-07-10T20:33:16.071Z",
    "end": "2023-07-10T20:33:36.659Z",
    "duration": 20588,
    "testsRegistered": 4,
    "passPercent": 100,
    "pendingPercent": 0,
    "other": 0,
    "hasOther": false,
    "skipped": 0,
    "hasSkipped": false
  },
  "results": [
    {
      "uuid": "f809ee8d-5246-4634-9bd5-bf6d962cdbb6",
      "title": "",
      "fullFile": "cypress/e2e/criacaoDeConta.cy.js",
      "file": "cypress/e2e/criacaoDeConta.cy.js",
      "beforeHooks": [],
      "afterHooks": [],
      "tests": [],
      "suites": [
        {
          "uuid": "aad77659-6fd9-4f25-afae-9b80a9979929",
          "title": "Cadastro de conta",
          "fullFile": "",
          "file": "",
          "beforeHooks": [],
          "afterHooks": [],
          "tests": [
            {
              "title": "deve cadastrar uma conta com sucesso",
              "fullTitle": "Cadastro de conta deve cadastrar uma conta com sucesso",
              "timedOut": null,
              "duration": 9061,
              "state": "passed",
              "speed": "medium",
              "pass": true,
              "fail": false,
              "pending": false,
              "context": null,
              "code": "let email = _faker.faker.internet.email();\nemailJaCadastrado = email;\n_minhaConta.default.preencheEmailSenha(email, dados.senha);\n_minhaConta.default.verificaSucesso();",
              "err": {},
              "uuid": "041e2f03-657f-4d72-8802-4928df22945b",
              "parentUUID": "aad77659-6fd9-4f25-afae-9b80a9979929",
              "isHook": false,
              "skipped": false
            },
            {
              "title": "não deve cadastrar uma conta com email inválido",
              "fullTitle": "Cadastro de conta não deve cadastrar uma conta com email inválido",
              "timedOut": null,
              "duration": 3209,
              "state": "passed",
              "speed": "fast",
              "pass": true,
              "fail": false,
              "pending": false,
              "context": null,
              "code": "let email = \"teste\";\n_minhaConta.default.preencheEmailSenha(email, dados.senha);\n_minhaConta.default.verificaFalha();",
              "err": {},
              "uuid": "589ba913-8674-4e19-a707-b1bdf8a28146",
              "parentUUID": "aad77659-6fd9-4f25-afae-9b80a9979929",
              "isHook": false,
              "skipped": false
            },
            {
              "title": "não deve cadastrar uma conta com senha em branco",
              "fullTitle": "Cadastro de conta não deve cadastrar uma conta com senha em branco",
              "timedOut": null,
              "duration": 3758,
              "state": "passed",
              "speed": "fast",
              "pass": true,
              "fail": false,
              "pending": false,
              "context": null,
              "code": "let email = _faker.faker.internet.email();\n_minhaConta.default.preencheEmail(email);\n_minhaConta.default.mensagemDeErro();",
              "err": {},
              "uuid": "e5a7449d-ce7b-466a-8d16-4ba763d53b54",
              "parentUUID": "aad77659-6fd9-4f25-afae-9b80a9979929",
              "isHook": false,
              "skipped": false
            },
            {
              "title": "não deve cadastrar uma conta usando email já cadastrado",
              "fullTitle": "Cadastro de conta não deve cadastrar uma conta usando email já cadastrado",
              "timedOut": null,
              "duration": 4321,
              "state": "passed",
              "speed": "fast",
              "pass": true,
              "fail": false,
              "pending": false,
              "context": null,
              "code": "_minhaConta.default.preencheEmailSenha(emailJaCadastrado, dados.senha);\n_minhaConta.default.mensagemDeErro();",
              "err": {},
              "uuid": "9349dd57-ce77-4068-9f48-13787ae007bb",
              "parentUUID": "aad77659-6fd9-4f25-afae-9b80a9979929",
              "isHook": false,
              "skipped": false
            }
          ],
          "suites": [],
          "passes": [
            "041e2f03-657f-4d72-8802-4928df22945b",
            "589ba913-8674-4e19-a707-b1bdf8a28146",
            "e5a7449d-ce7b-466a-8d16-4ba763d53b54",
            "9349dd57-ce77-4068-9f48-13787ae007bb"
          ],
          "failures": [],
          "pending": [],
          "skipped": [],
          "duration": 20349,
          "root": false,
          "rootEmpty": false,
          "_timeout": 2000
        }
      ],
      "passes": [],
      "failures": [],
      "pending": [],
      "skipped": [],
      "duration": 0,
      "root": true,
      "rootEmpty": true,
      "_timeout": 2000
    }
  ],
  "meta": {
    "mocha": {
      "version": "7.0.1"
    },
    "mochawesome": {
      "options": {
        "quiet": false,
        "reportFilename": "mochawesome",
        "saveHtml": false,
        "saveJson": true,
        "consoleReporter": "spec",
        "useInlineDiffs": false,
        "code": true
      },
      "version": "7.1.3"
    },
    "marge": {
      "options": {
        "reportDir": "cypress/results",
        "overwrite": false,
        "html": false,
        "json": true
      },
      "version": "6.2.0"
    }
  }
}