{
  "stats": {
    "suites": 1,
    "tests": 4,
    "passes": 4,
    "pending": 0,
    "failures": 0,
    "start": "2023-07-10T20:31:57.111Z",
    "end": "2023-07-10T20:32:18.022Z",
    "duration": 20911,
    "testsRegistered": 4,
    "passPercent": 100,
    "pendingPercent": 0,
    "other": 0,
    "hasOther": false,
    "skipped": 0,
    "hasSkipped": false
  },
  "results": [
    {
      "uuid": "b0a93632-1e13-4a45-a82d-1a38f043f59a",
      "title": "",
      "fullFile": "cypress/e2e/criacaoDeConta.cy.js",
      "file": "cypress/e2e/criacaoDeConta.cy.js",
      "beforeHooks": [],
      "afterHooks": [],
      "tests": [],
      "suites": [
        {
          "uuid": "95fa0d12-7496-4f21-a305-f6226818db0a",
          "title": "Cadastro de conta",
          "fullFile": "",
          "file": "",
          "beforeHooks": [],
          "afterHooks": [],
          "tests": [
            {
              "title": "deve cadastrar uma conta com sucesso",
              "fullTitle": "Cadastro de conta deve cadastrar uma conta com sucesso",
              "timedOut": null,
              "duration": 8338,
              "state": "passed",
              "speed": "medium",
              "pass": true,
              "fail": false,
              "pending": false,
              "context": null,
              "code": "let email = _faker.faker.internet.email();\nemailJaCadastrado = email;\n_minhaConta.default.preencheEmailSenha(email, dados.senha);\n_minhaConta.default.verificaSucesso();",
              "err": {},
              "uuid": "753c43ac-b85c-4d3a-a5a9-c619eb39fb6a",
              "parentUUID": "95fa0d12-7496-4f21-a305-f6226818db0a",
              "isHook": false,
              "skipped": false
            },
            {
              "title": "não deve cadastrar uma conta com email inválido",
              "fullTitle": "Cadastro de conta não deve cadastrar uma conta com email inválido",
              "timedOut": null,
              "duration": 4055,
              "state": "passed",
              "speed": "fast",
              "pass": true,
              "fail": false,
              "pending": false,
              "context": null,
              "code": "let email = \"teste\";\n_minhaConta.default.preencheEmailSenha(email, dados.senha);\n_minhaConta.default.verificaFalha();",
              "err": {},
              "uuid": "d97f953c-ddae-4fef-b787-df783a334d8b",
              "parentUUID": "95fa0d12-7496-4f21-a305-f6226818db0a",
              "isHook": false,
              "skipped": false
            },
            {
              "title": "não deve cadastrar uma conta com senha em branco",
              "fullTitle": "Cadastro de conta não deve cadastrar uma conta com senha em branco",
              "timedOut": null,
              "duration": 4200,
              "state": "passed",
              "speed": "fast",
              "pass": true,
              "fail": false,
              "pending": false,
              "context": null,
              "code": "let email = _faker.faker.internet.email();\n_minhaConta.default.preencheEmail(email);\n_minhaConta.default.mensagemDeErro();",
              "err": {},
              "uuid": "34b10420-ddfd-474f-9390-4be84851ea5e",
              "parentUUID": "95fa0d12-7496-4f21-a305-f6226818db0a",
              "isHook": false,
              "skipped": false
            },
            {
              "title": "não deve cadastrar uma conta usando email já cadastrado",
              "fullTitle": "Cadastro de conta não deve cadastrar uma conta usando email já cadastrado",
              "timedOut": null,
              "duration": 4089,
              "state": "passed",
              "speed": "fast",
              "pass": true,
              "fail": false,
              "pending": false,
              "context": null,
              "code": "_minhaConta.default.preencheEmailSenha(emailJaCadastrado, dados.senha);\n_minhaConta.default.mensagemDeErro();",
              "err": {},
              "uuid": "1927615e-4bd1-4f75-936e-288fa93a9729",
              "parentUUID": "95fa0d12-7496-4f21-a305-f6226818db0a",
              "isHook": false,
              "skipped": false
            }
          ],
          "suites": [],
          "passes": [
            "753c43ac-b85c-4d3a-a5a9-c619eb39fb6a",
            "d97f953c-ddae-4fef-b787-df783a334d8b",
            "34b10420-ddfd-474f-9390-4be84851ea5e",
            "1927615e-4bd1-4f75-936e-288fa93a9729"
          ],
          "failures": [],
          "pending": [],
          "skipped": [],
          "duration": 20682,
          "root": false,
          "rootEmpty": false,
          "_timeout": 2000
        }
      ],
      "passes": [],
      "failures": [],
      "pending": [],
      "skipped": [],
      "duration": 0,
      "root": true,
      "rootEmpty": true,
      "_timeout": 2000
    }
  ],
  "meta": {
    "mocha": {
      "version": "7.0.1"
    },
    "mochawesome": {
      "options": {
        "quiet": false,
        "reportFilename": "mochawesome",
        "saveHtml": false,
        "saveJson": true,
        "consoleReporter": "spec",
        "useInlineDiffs": false,
        "code": true
      },
      "version": "7.1.3"
    },
    "marge": {
      "options": {
        "reportDir": "cypress/results",
        "overwrite": false,
        "html": false,
        "json": true
      },
      "version": "6.2.0"
    }
  }
}