{
  "stats": {
    "suites": 1,
    "tests": 3,
    "passes": 3,
    "pending": 0,
    "failures": 0,
    "start": "2023-07-10T20:27:12.074Z",
    "end": "2023-07-10T20:27:30.856Z",
    "duration": 18782,
    "testsRegistered": 3,
    "passPercent": 100,
    "pendingPercent": 0,
    "other": 0,
    "hasOther": false,
    "skipped": 0,
    "hasSkipped": false
  },
  "results": [
    {
      "uuid": "16947faf-1048-4ff2-8736-69249f76c66e",
      "title": "",
      "fullFile": "cypress/e2e/carrinho.cy.js",
      "file": "cypress/e2e/carrinho.cy.js",
      "beforeHooks": [],
      "afterHooks": [],
      "tests": [],
      "suites": [
        {
          "uuid": "ad822411-26c1-4806-b949-b49eb77cf1af",
          "title": "Operações no carrinho",
          "fullFile": "",
          "file": "",
          "beforeHooks": [],
          "afterHooks": [],
          "tests": [
            {
              "title": "deve adicionar item no carrinho com sucesso",
              "fullTitle": "Operações no carrinho deve adicionar item no carrinho com sucesso",
              "timedOut": null,
              "duration": 4940,
              "state": "passed",
              "speed": "fast",
              "pass": true,
              "fail": false,
              "pending": false,
              "context": null,
              "code": "let mensagem = \"\\n                      Ver carrinho\\n                      “Augusta Pullover Jacket” foi adicionado no\\n                      seu carrinho.\\n                    \";\n_productPage.default.validaMensagemAdicionado(mensagem);",
              "err": {},
              "uuid": "6fa64f03-6963-4426-be05-39393b0b844a",
              "parentUUID": "ad822411-26c1-4806-b949-b49eb77cf1af",
              "isHook": false,
              "skipped": false
            },
            {
              "title": "deve atualizar um item do carrinho com sucesso",
              "fullTitle": "Operações no carrinho deve atualizar um item do carrinho com sucesso",
              "timedOut": null,
              "duration": 6701,
              "state": "passed",
              "speed": "medium",
              "pass": true,
              "fail": false,
              "pending": false,
              "context": null,
              "code": "let mensagem = \"Carrinho atualizado.\";\nlet quantidade = Math.floor(Math.random() * 10);\n_productPage.default.irParaCarrinho();\n_carrinhoPage.default.atualizaCarrinho(quantidade);\n_carrinhoPage.default.validaMensagemAdicionado(mensagem);",
              "err": {},
              "uuid": "2acc0313-be98-4420-bbd6-24ec70243ac8",
              "parentUUID": "ad822411-26c1-4806-b949-b49eb77cf1af",
              "isHook": false,
              "skipped": false
            },
            {
              "title": "deve remover item do carrinho com sucesso",
              "fullTitle": "Operações no carrinho deve remover item do carrinho com sucesso",
              "timedOut": null,
              "duration": 7000,
              "state": "passed",
              "speed": "medium",
              "pass": true,
              "fail": false,
              "pending": false,
              "context": null,
              "code": "let mensagem = \"“Augusta Pullover Jacket” removido.\";\n_productPage.default.irParaCarrinho();\n_carrinhoPage.default.removeItem();\n_carrinhoPage.default.validaMensagemAdicionado(mensagem);",
              "err": {},
              "uuid": "af69a8b8-b0cf-41cd-a6d6-6c559b9f1db0",
              "parentUUID": "ad822411-26c1-4806-b949-b49eb77cf1af",
              "isHook": false,
              "skipped": false
            }
          ],
          "suites": [],
          "passes": [
            "6fa64f03-6963-4426-be05-39393b0b844a",
            "2acc0313-be98-4420-bbd6-24ec70243ac8",
            "af69a8b8-b0cf-41cd-a6d6-6c559b9f1db0"
          ],
          "failures": [],
          "pending": [],
          "skipped": [],
          "duration": 18641,
          "root": false,
          "rootEmpty": false,
          "_timeout": 2000
        }
      ],
      "passes": [],
      "failures": [],
      "pending": [],
      "skipped": [],
      "duration": 0,
      "root": true,
      "rootEmpty": true,
      "_timeout": 2000
    }
  ],
  "meta": {
    "mocha": {
      "version": "7.0.1"
    },
    "mochawesome": {
      "options": {
        "quiet": false,
        "reportFilename": "mochawesome",
        "saveHtml": false,
        "saveJson": true,
        "consoleReporter": "spec",
        "useInlineDiffs": false,
        "code": true
      },
      "version": "7.1.3"
    },
    "marge": {
      "options": {
        "reportDir": "cypress/results",
        "overwrite": false,
        "html": false,
        "json": true
      },
      "version": "6.2.0"
    }
  }
}