{
  "stats": {
    "suites": 1,
    "tests": 3,
    "passes": 3,
    "pending": 0,
    "failures": 0,
    "start": "2023-07-10T20:07:01.466Z",
    "end": "2023-07-10T20:07:23.163Z",
    "duration": 21697,
    "testsRegistered": 3,
    "passPercent": 100,
    "pendingPercent": 0,
    "other": 0,
    "hasOther": false,
    "skipped": 0,
    "hasSkipped": false
  },
  "results": [
    {
      "uuid": "ddf2ee98-0f3f-480e-b96c-88865726cb5f",
      "title": "",
      "fullFile": "cypress/e2e/carrinho.cy.js",
      "file": "cypress/e2e/carrinho.cy.js",
      "beforeHooks": [],
      "afterHooks": [],
      "tests": [],
      "suites": [
        {
          "uuid": "539bb297-8492-4435-a349-32f9b05ae1b1",
          "title": "Operações no carrinho",
          "fullFile": "",
          "file": "",
          "beforeHooks": [],
          "afterHooks": [],
          "tests": [
            {
              "title": "deve adicionar item no carrinho com sucesso",
              "fullTitle": "Operações no carrinho deve adicionar item no carrinho com sucesso",
              "timedOut": null,
              "duration": 6346,
              "state": "passed",
              "speed": "medium",
              "pass": true,
              "fail": false,
              "pending": false,
              "context": null,
              "code": "let mensagem = \"\\n                      Ver carrinho\\n                      “Augusta Pullover Jacket” foi adicionado no\\n                      seu carrinho.\\n                    \";\n_productPage.default.validaMensagemAdicionado(mensagem);",
              "err": {},
              "uuid": "0a0cc6f4-6f66-47e1-89be-5c99bbe7de15",
              "parentUUID": "539bb297-8492-4435-a349-32f9b05ae1b1",
              "isHook": false,
              "skipped": false
            },
            {
              "title": "deve atualizar um item do carrinho com sucesso",
              "fullTitle": "Operações no carrinho deve atualizar um item do carrinho com sucesso",
              "timedOut": null,
              "duration": 8414,
              "state": "passed",
              "speed": "medium",
              "pass": true,
              "fail": false,
              "pending": false,
              "context": null,
              "code": "let mensagem = \"Carrinho atualizado.\";\nlet quantidade = Math.floor(Math.random() * 10);\n_productPage.default.irParaCarrinho();\n_carrinhoPage.default.atualizaCarrinho(quantidade);\n_carrinhoPage.default.validaMensagemAdicionado(mensagem);",
              "err": {},
              "uuid": "0623d009-4d78-4b0b-8225-ac56bc5810b3",
              "parentUUID": "539bb297-8492-4435-a349-32f9b05ae1b1",
              "isHook": false,
              "skipped": false
            },
            {
              "title": "deve remover item do carrinho com sucesso",
              "fullTitle": "Operações no carrinho deve remover item do carrinho com sucesso",
              "timedOut": null,
              "duration": 6761,
              "state": "passed",
              "speed": "medium",
              "pass": true,
              "fail": false,
              "pending": false,
              "context": null,
              "code": "let mensagem = \"“Augusta Pullover Jacket” removido.\";\n_productPage.default.irParaCarrinho();\n_carrinhoPage.default.removeItem();\n_carrinhoPage.default.validaMensagemAdicionado(mensagem);",
              "err": {},
              "uuid": "eed4d3f3-a52f-4d64-9924-c1abff1d0123",
              "parentUUID": "539bb297-8492-4435-a349-32f9b05ae1b1",
              "isHook": false,
              "skipped": false
            }
          ],
          "suites": [],
          "passes": [
            "0a0cc6f4-6f66-47e1-89be-5c99bbe7de15",
            "0623d009-4d78-4b0b-8225-ac56bc5810b3",
            "eed4d3f3-a52f-4d64-9924-c1abff1d0123"
          ],
          "failures": [],
          "pending": [],
          "skipped": [],
          "duration": 21521,
          "root": false,
          "rootEmpty": false,
          "_timeout": 2000
        }
      ],
      "passes": [],
      "failures": [],
      "pending": [],
      "skipped": [],
      "duration": 0,
      "root": true,
      "rootEmpty": true,
      "_timeout": 2000
    }
  ],
  "meta": {
    "mocha": {
      "version": "7.0.1"
    },
    "mochawesome": {
      "options": {
        "quiet": false,
        "reportFilename": "mochawesome",
        "saveHtml": false,
        "saveJson": true,
        "consoleReporter": "spec",
        "useInlineDiffs": false,
        "code": true
      },
      "version": "7.1.3"
    },
    "marge": {
      "options": {
        "reportDir": "cypress/results",
        "overwrite": false,
        "html": false,
        "json": true
      },
      "version": "6.2.0"
    }
  }
}