{
  "stats": {
    "suites": 1,
    "tests": 3,
    "passes": 3,
    "pending": 0,
    "failures": 0,
    "start": "2023-07-10T20:20:35.980Z",
    "end": "2023-07-10T20:20:53.691Z",
    "duration": 17711,
    "testsRegistered": 3,
    "passPercent": 100,
    "pendingPercent": 0,
    "other": 0,
    "hasOther": false,
    "skipped": 0,
    "hasSkipped": false
  },
  "results": [
    {
      "uuid": "c0cfbcd6-b653-4f32-b87f-e08e19103677",
      "title": "",
      "fullFile": "cypress/e2e/carrinho.cy.js",
      "file": "cypress/e2e/carrinho.cy.js",
      "beforeHooks": [],
      "afterHooks": [],
      "tests": [],
      "suites": [
        {
          "uuid": "9ecf9dfb-3de2-4b7f-8fb7-43d2e19279ec",
          "title": "Operações no carrinho",
          "fullFile": "",
          "file": "",
          "beforeHooks": [],
          "afterHooks": [],
          "tests": [
            {
              "title": "deve adicionar item no carrinho com sucesso",
              "fullTitle": "Operações no carrinho deve adicionar item no carrinho com sucesso",
              "timedOut": null,
              "duration": 4896,
              "state": "passed",
              "speed": "fast",
              "pass": true,
              "fail": false,
              "pending": false,
              "context": null,
              "code": "let mensagem = \"\\n                      Ver carrinho\\n                      “Augusta Pullover Jacket” foi adicionado no\\n                      seu carrinho.\\n                    \";\n_productPage.default.validaMensagemAdicionado(mensagem);",
              "err": {},
              "uuid": "1a164d26-3983-42d5-9323-436e3afb9725",
              "parentUUID": "9ecf9dfb-3de2-4b7f-8fb7-43d2e19279ec",
              "isHook": false,
              "skipped": false
            },
            {
              "title": "deve atualizar um item do carrinho com sucesso",
              "fullTitle": "Operações no carrinho deve atualizar um item do carrinho com sucesso",
              "timedOut": null,
              "duration": 6547,
              "state": "passed",
              "speed": "medium",
              "pass": true,
              "fail": false,
              "pending": false,
              "context": null,
              "code": "let mensagem = \"Carrinho atualizado.\";\nlet quantidade = Math.floor(Math.random() * 10);\n_productPage.default.irParaCarrinho();\n_carrinhoPage.default.atualizaCarrinho(quantidade);\n_carrinhoPage.default.validaMensagemAdicionado(mensagem);",
              "err": {},
              "uuid": "dfeaca41-ee3d-4a97-ba88-38264c5ed2da",
              "parentUUID": "9ecf9dfb-3de2-4b7f-8fb7-43d2e19279ec",
              "isHook": false,
              "skipped": false
            },
            {
              "title": "deve remover item do carrinho com sucesso",
              "fullTitle": "Operações no carrinho deve remover item do carrinho com sucesso",
              "timedOut": null,
              "duration": 6108,
              "state": "passed",
              "speed": "medium",
              "pass": true,
              "fail": false,
              "pending": false,
              "context": null,
              "code": "let mensagem = \"“Augusta Pullover Jacket” removido.\";\n_productPage.default.irParaCarrinho();\n_carrinhoPage.default.removeItem();\n_carrinhoPage.default.validaMensagemAdicionado(mensagem);",
              "err": {},
              "uuid": "dd7b12be-a15a-4c94-b366-547d871468b0",
              "parentUUID": "9ecf9dfb-3de2-4b7f-8fb7-43d2e19279ec",
              "isHook": false,
              "skipped": false
            }
          ],
          "suites": [],
          "passes": [
            "1a164d26-3983-42d5-9323-436e3afb9725",
            "dfeaca41-ee3d-4a97-ba88-38264c5ed2da",
            "dd7b12be-a15a-4c94-b366-547d871468b0"
          ],
          "failures": [],
          "pending": [],
          "skipped": [],
          "duration": 17551,
          "root": false,
          "rootEmpty": false,
          "_timeout": 2000
        }
      ],
      "passes": [],
      "failures": [],
      "pending": [],
      "skipped": [],
      "duration": 0,
      "root": true,
      "rootEmpty": true,
      "_timeout": 2000
    }
  ],
  "meta": {
    "mocha": {
      "version": "7.0.1"
    },
    "mochawesome": {
      "options": {
        "quiet": false,
        "reportFilename": "mochawesome",
        "saveHtml": false,
        "saveJson": true,
        "consoleReporter": "spec",
        "useInlineDiffs": false,
        "code": true
      },
      "version": "7.1.3"
    },
    "marge": {
      "options": {
        "reportDir": "cypress/results",
        "overwrite": false,
        "html": false,
        "json": true
      },
      "version": "6.2.0"
    }
  }
}