{
  "stats": {
    "suites": 1,
    "tests": 4,
    "passes": 4,
    "pending": 0,
    "failures": 0,
    "start": "2023-07-10T20:21:12.622Z",
    "end": "2023-07-10T20:21:31.470Z",
    "duration": 18848,
    "testsRegistered": 4,
    "passPercent": 100,
    "pendingPercent": 0,
    "other": 0,
    "hasOther": false,
    "skipped": 0,
    "hasSkipped": false
  },
  "results": [
    {
      "uuid": "f5cbce4f-aed4-4f07-96b0-bb1551c4a43a",
      "title": "",
      "fullFile": "cypress/e2e/criacaoDeConta.cy.js",
      "file": "cypress/e2e/criacaoDeConta.cy.js",
      "beforeHooks": [],
      "afterHooks": [],
      "tests": [],
      "suites": [
        {
          "uuid": "63eb151c-5660-4750-be28-e594ef2623d9",
          "title": "Criação de nova conta",
          "fullFile": "",
          "file": "",
          "beforeHooks": [],
          "afterHooks": [],
          "tests": [
            {
              "title": "deve criar nova conta com sucesso",
              "fullTitle": "Criação de nova conta deve criar nova conta com sucesso",
              "timedOut": null,
              "duration": 8174,
              "state": "passed",
              "speed": "medium",
              "pass": true,
              "fail": false,
              "pending": false,
              "context": null,
              "code": "let email = _faker.faker.internet.email();\nemailJaCadastrado = email;\n_minhaConta.default.preencheEmailSenha(email, dados.senha);\n_minhaConta.default.verificaSucesso();",
              "err": {},
              "uuid": "a5a19a38-08fd-4f3d-848a-6cdf197e1d56",
              "parentUUID": "63eb151c-5660-4750-be28-e594ef2623d9",
              "isHook": false,
              "skipped": false
            },
            {
              "title": "deve impedir criação de conta com email inválido",
              "fullTitle": "Criação de nova conta deve impedir criação de conta com email inválido",
              "timedOut": null,
              "duration": 3065,
              "state": "passed",
              "speed": "fast",
              "pass": true,
              "fail": false,
              "pending": false,
              "context": null,
              "code": "let email = \"teste\";\n_minhaConta.default.preencheEmailSenha(email, dados.senha);\n_minhaConta.default.verificaFalha();",
              "err": {},
              "uuid": "fb4cbb1a-5eda-4816-8b64-caf7e45ba783",
              "parentUUID": "63eb151c-5660-4750-be28-e594ef2623d9",
              "isHook": false,
              "skipped": false
            },
            {
              "title": "deve impedir criação de conta com senha em branco",
              "fullTitle": "Criação de nova conta deve impedir criação de conta com senha em branco",
              "timedOut": null,
              "duration": 3727,
              "state": "passed",
              "speed": "fast",
              "pass": true,
              "fail": false,
              "pending": false,
              "context": null,
              "code": "let email = _faker.faker.internet.email();\n_minhaConta.default.preencheEmail(email);\n_minhaConta.default.mensagemDeErro();",
              "err": {},
              "uuid": "02cb1cc3-0e24-4460-bc27-17e230ba57d6",
              "parentUUID": "63eb151c-5660-4750-be28-e594ef2623d9",
              "isHook": false,
              "skipped": false
            },
            {
              "title": "deve exibir mensagem de email já cadastrado",
              "fullTitle": "Criação de nova conta deve exibir mensagem de email já cadastrado",
              "timedOut": null,
              "duration": 3708,
              "state": "passed",
              "speed": "fast",
              "pass": true,
              "fail": false,
              "pending": false,
              "context": null,
              "code": "_minhaConta.default.preencheEmailSenha(emailJaCadastrado, dados.senha);\n_minhaConta.default.mensagemDeErro();",
              "err": {},
              "uuid": "bac1037f-582b-4e8f-a733-213962e31ce9",
              "parentUUID": "63eb151c-5660-4750-be28-e594ef2623d9",
              "isHook": false,
              "skipped": false
            }
          ],
          "suites": [],
          "passes": [
            "a5a19a38-08fd-4f3d-848a-6cdf197e1d56",
            "fb4cbb1a-5eda-4816-8b64-caf7e45ba783",
            "02cb1cc3-0e24-4460-bc27-17e230ba57d6",
            "bac1037f-582b-4e8f-a733-213962e31ce9"
          ],
          "failures": [],
          "pending": [],
          "skipped": [],
          "duration": 18674,
          "root": false,
          "rootEmpty": false,
          "_timeout": 2000
        }
      ],
      "passes": [],
      "failures": [],
      "pending": [],
      "skipped": [],
      "duration": 0,
      "root": true,
      "rootEmpty": true,
      "_timeout": 2000
    }
  ],
  "meta": {
    "mocha": {
      "version": "7.0.1"
    },
    "mochawesome": {
      "options": {
        "quiet": false,
        "reportFilename": "mochawesome",
        "saveHtml": false,
        "saveJson": true,
        "consoleReporter": "spec",
        "useInlineDiffs": false,
        "code": true
      },
      "version": "7.1.3"
    },
    "marge": {
      "options": {
        "reportDir": "cypress/results",
        "overwrite": false,
        "html": false,
        "json": true
      },
      "version": "6.2.0"
    }
  }
}