{
  "stats": {
    "suites": 1,
    "tests": 4,
    "passes": 4,
    "pending": 0,
    "failures": 0,
    "start": "2023-07-10T20:07:44.335Z",
    "end": "2023-07-10T20:08:06.141Z",
    "duration": 21806,
    "testsRegistered": 4,
    "passPercent": 100,
    "pendingPercent": 0,
    "other": 0,
    "hasOther": false,
    "skipped": 0,
    "hasSkipped": false
  },
  "results": [
    {
      "uuid": "851b4475-c859-4f59-a858-b2686903024a",
      "title": "",
      "fullFile": "cypress/e2e/criacaoDeConta.cy.js",
      "file": "cypress/e2e/criacaoDeConta.cy.js",
      "beforeHooks": [],
      "afterHooks": [],
      "tests": [],
      "suites": [
        {
          "uuid": "62e303d6-f222-4035-bb8e-984daf509cfb",
          "title": "Criação de nova conta",
          "fullFile": "",
          "file": "",
          "beforeHooks": [],
          "afterHooks": [],
          "tests": [
            {
              "title": "deve criar nova conta com sucesso",
              "fullTitle": "Criação de nova conta deve criar nova conta com sucesso",
              "timedOut": null,
              "duration": 9120,
              "state": "passed",
              "speed": "medium",
              "pass": true,
              "fail": false,
              "pending": false,
              "context": null,
              "code": "let email = _faker.faker.internet.email();\nemailJaCadastrado = email;\n_minhaConta.default.preencheEmailSenha(email, dados.senha);\n_minhaConta.default.verificaSucesso();",
              "err": {},
              "uuid": "6eab9c95-df0f-400d-b56c-4be85e97ddf7",
              "parentUUID": "62e303d6-f222-4035-bb8e-984daf509cfb",
              "isHook": false,
              "skipped": false
            },
            {
              "title": "deve impedir criação de conta com email inválido",
              "fullTitle": "Criação de nova conta deve impedir criação de conta com email inválido",
              "timedOut": null,
              "duration": 3937,
              "state": "passed",
              "speed": "fast",
              "pass": true,
              "fail": false,
              "pending": false,
              "context": null,
              "code": "let email = \"teste\";\n_minhaConta.default.preencheEmailSenha(email, dados.senha);\n_minhaConta.default.verificaFalha();",
              "err": {},
              "uuid": "509b4ab1-9878-46a6-aacf-c375d137a647",
              "parentUUID": "62e303d6-f222-4035-bb8e-984daf509cfb",
              "isHook": false,
              "skipped": false
            },
            {
              "title": "deve impedir criação de conta com senha em branco",
              "fullTitle": "Criação de nova conta deve impedir criação de conta com senha em branco",
              "timedOut": null,
              "duration": 4143,
              "state": "passed",
              "speed": "fast",
              "pass": true,
              "fail": false,
              "pending": false,
              "context": null,
              "code": "let email = _faker.faker.internet.email();\n_minhaConta.default.preencheEmail(email);\n_minhaConta.default.mensagemDeErro();",
              "err": {},
              "uuid": "37bd3928-39fa-4174-8368-9d320af44f05",
              "parentUUID": "62e303d6-f222-4035-bb8e-984daf509cfb",
              "isHook": false,
              "skipped": false
            },
            {
              "title": "deve exibir mensagem de email já cadastrado",
              "fullTitle": "Criação de nova conta deve exibir mensagem de email já cadastrado",
              "timedOut": null,
              "duration": 4431,
              "state": "passed",
              "speed": "fast",
              "pass": true,
              "fail": false,
              "pending": false,
              "context": null,
              "code": "_minhaConta.default.preencheEmailSenha(emailJaCadastrado, dados.senha);\n_minhaConta.default.mensagemDeErro();",
              "err": {},
              "uuid": "9005778e-7cf0-4e0e-9a0d-fd11db23ae3c",
              "parentUUID": "62e303d6-f222-4035-bb8e-984daf509cfb",
              "isHook": false,
              "skipped": false
            }
          ],
          "suites": [],
          "passes": [
            "6eab9c95-df0f-400d-b56c-4be85e97ddf7",
            "509b4ab1-9878-46a6-aacf-c375d137a647",
            "37bd3928-39fa-4174-8368-9d320af44f05",
            "9005778e-7cf0-4e0e-9a0d-fd11db23ae3c"
          ],
          "failures": [],
          "pending": [],
          "skipped": [],
          "duration": 21631,
          "root": false,
          "rootEmpty": false,
          "_timeout": 2000
        }
      ],
      "passes": [],
      "failures": [],
      "pending": [],
      "skipped": [],
      "duration": 0,
      "root": true,
      "rootEmpty": true,
      "_timeout": 2000
    }
  ],
  "meta": {
    "mocha": {
      "version": "7.0.1"
    },
    "mochawesome": {
      "options": {
        "quiet": false,
        "reportFilename": "mochawesome",
        "saveHtml": false,
        "saveJson": true,
        "consoleReporter": "spec",
        "useInlineDiffs": false,
        "code": true
      },
      "version": "7.1.3"
    },
    "marge": {
      "options": {
        "reportDir": "cypress/results",
        "overwrite": false,
        "html": false,
        "json": true
      },
      "version": "6.2.0"
    }
  }
}