{
  "stats": {
    "suites": 1,
    "tests": 3,
    "passes": 2,
    "pending": 0,
    "failures": 1,
    "start": "2023-07-10T20:51:25.048Z",
    "end": "2023-07-10T20:51:46.707Z",
    "duration": 21659,
    "testsRegistered": 3,
    "passPercent": 66.66666666666666,
    "pendingPercent": 0,
    "other": 0,
    "hasOther": false,
    "skipped": 0,
    "hasSkipped": false
  },
  "results": [
    {
      "uuid": "ba252e88-611b-47c3-800d-6c0f52022759",
      "title": "",
      "fullFile": "cypress/e2e/carrinho.cy.js",
      "file": "cypress/e2e/carrinho.cy.js",
      "beforeHooks": [],
      "afterHooks": [],
      "tests": [],
      "suites": [
        {
          "uuid": "e26bcab1-2665-4889-9bfe-ce4593ad3a0b",
          "title": "Operações no carrinho",
          "fullFile": "",
          "file": "",
          "beforeHooks": [],
          "afterHooks": [],
          "tests": [
            {
              "title": "deve adicionar produto no carrinho com sucesso",
              "fullTitle": "Operações no carrinho deve adicionar produto no carrinho com sucesso",
              "timedOut": null,
              "duration": 5056,
              "state": "passed",
              "speed": "medium",
              "pass": true,
              "fail": false,
              "pending": false,
              "context": null,
              "code": "let mensagem = \"\\n                      Ver carrinho\\n                      “Augusta Pullover Jacket” foi adicionado no\\n                      seu carrinho.\\n                    \";\n_productPage.default.validaMensagemAdicionado(mensagem);",
              "err": {},
              "uuid": "831f4b5d-4549-4d33-a55e-91da0b33800c",
              "parentUUID": "e26bcab1-2665-4889-9bfe-ce4593ad3a0b",
              "isHook": false,
              "skipped": false
            },
            {
              "title": "deve atualizar produto no carrinho com sucesso",
              "fullTitle": "Operações no carrinho deve atualizar produto no carrinho com sucesso",
              "timedOut": null,
              "duration": 9840,
              "state": "failed",
              "speed": null,
              "pass": false,
              "fail": true,
              "pending": false,
              "context": null,
              "code": "let mensagem = \"Carrinho atualizado.\";\nlet quantidade = Math.floor(Math.random() * 10);\n_productPage.default.irParaCarrinho();\n_carrinhoPage.default.atualizaCarrinho(quantidade);\n_carrinhoPage.default.validaMensagemAdicionado(mensagem);",
              "err": {
                "message": "AssertionError: Timed out retrying after 4000ms: Expected to find element: `.woocommerce-message`, but never found it.",
                "estack": "AssertionError: Timed out retrying after 4000ms: Expected to find element: `.woocommerce-message`, but never found it.\n    at Carrinho.validaMensagemAdicionado (webpack:///./cypress/support/pages/carrinho.page.js:10:37)\n    at Context.eval (webpack:///./cypress/e2e/carrinho.cy.js:83:17)",
                "diff": null
              },
              "uuid": "1fde0e10-fcf1-450a-b02d-dae1f375f3d5",
              "parentUUID": "e26bcab1-2665-4889-9bfe-ce4593ad3a0b",
              "isHook": false,
              "skipped": false
            },
            {
              "title": "deve remover um produto do carrinho com sucesso",
              "fullTitle": "Operações no carrinho deve remover um produto do carrinho com sucesso",
              "timedOut": null,
              "duration": 6550,
              "state": "passed",
              "speed": "medium",
              "pass": true,
              "fail": false,
              "pending": false,
              "context": null,
              "code": "let mensagem = \"“Augusta Pullover Jacket” removido.\";\n_productPage.default.irParaCarrinho();\n_carrinhoPage.default.removeItem();\n_carrinhoPage.default.validaMensagemAdicionado(mensagem);",
              "err": {},
              "uuid": "500191ee-a6f8-40eb-8ba0-80dcd108ba5e",
              "parentUUID": "e26bcab1-2665-4889-9bfe-ce4593ad3a0b",
              "isHook": false,
              "skipped": false
            }
          ],
          "suites": [],
          "passes": [
            "831f4b5d-4549-4d33-a55e-91da0b33800c",
            "500191ee-a6f8-40eb-8ba0-80dcd108ba5e"
          ],
          "failures": [
            "1fde0e10-fcf1-450a-b02d-dae1f375f3d5"
          ],
          "pending": [],
          "skipped": [],
          "duration": 21446,
          "root": false,
          "rootEmpty": false,
          "_timeout": 2000
        }
      ],
      "passes": [],
      "failures": [],
      "pending": [],
      "skipped": [],
      "duration": 0,
      "root": true,
      "rootEmpty": true,
      "_timeout": 2000
    }
  ],
  "meta": {
    "mocha": {
      "version": "7.0.1"
    },
    "mochawesome": {
      "options": {
        "quiet": false,
        "reportFilename": "mochawesome",
        "saveHtml": false,
        "saveJson": true,
        "consoleReporter": "spec",
        "useInlineDiffs": false,
        "code": true
      },
      "version": "7.1.3"
    },
    "marge": {
      "options": {
        "reportDir": "cypress/results",
        "overwrite": false,
        "html": false,
        "json": true
      },
      "version": "6.2.0"
    }
  }
}