{
  "stats": {
    "suites": 1,
    "tests": 3,
    "passes": 2,
    "pending": 0,
    "failures": 1,
    "start": "2023-07-10T20:47:31.515Z",
    "end": "2023-07-10T20:47:53.816Z",
    "duration": 22301,
    "testsRegistered": 3,
    "passPercent": 66.66666666666666,
    "pendingPercent": 0,
    "other": 0,
    "hasOther": false,
    "skipped": 0,
    "hasSkipped": false
  },
  "results": [
    {
      "uuid": "ad13c245-b6ea-42c5-939c-1f31d11ed2de",
      "title": "",
      "fullFile": "cypress/e2e/carrinho.cy.js",
      "file": "cypress/e2e/carrinho.cy.js",
      "beforeHooks": [],
      "afterHooks": [],
      "tests": [],
      "suites": [
        {
          "uuid": "9b584b67-6642-4eac-bc94-0faa2234e662",
          "title": "Operações no carrinho",
          "fullFile": "",
          "file": "",
          "beforeHooks": [],
          "afterHooks": [],
          "tests": [
            {
              "title": "deve adicionar produto no carrinho com sucesso",
              "fullTitle": "Operações no carrinho deve adicionar produto no carrinho com sucesso",
              "timedOut": null,
              "duration": 8868,
              "state": "failed",
              "speed": null,
              "pass": false,
              "fail": true,
              "pending": false,
              "context": null,
              "code": "let mensagem = \"\\nVer carrinho\\n                      “Augusta Pullover Jacket” foi adicionado no\\n                      seu carrinho.\\n                    \";\n_productPage.default.validaMensagemAdicionado(mensagem);",
              "err": {
                "message": "AssertionError: Timed out retrying after 4000ms: expected '<div.woocommerce-message>' to have text '\\nVer carrinho\\n                      “Augusta Pullover Jacket” foi adicionado no\\n                      seu carrinho.\\n                    ', but the text was '\\n                      Ver carrinho\\n                      “Augusta Pullover Jacket” foi adicionado no\\n                      seu carrinho.\\n                    '",
                "estack": "AssertionError: Timed out retrying after 4000ms: expected '<div.woocommerce-message>' to have text '\\nVer carrinho\\n                      “Augusta Pullover Jacket” foi adicionado no\\n                      seu carrinho.\\n                    ', but the text was '\\n                      Ver carrinho\\n                      “Augusta Pullover Jacket” foi adicionado no\\n                      seu carrinho.\\n                    '\n    at Product.validaMensagemAdicionado (webpack:///./cypress/support/pages/product.page.js:11:37)\n    at Context.eval (webpack:///./cypress/e2e/carrinho.cy.js:75:16)",
                "diff": "- '\\n                      Ver carrinho\\n                      “Augusta Pullover Jacket” foi adicionado no\\n                      seu carrinho.\\n                    '\n+ '\\nVer carrinho\\n                      “Augusta Pullover Jacket” foi adicionado no\\n                      seu carrinho.\\n                    '\n"
              },
              "uuid": "8377ce33-8e45-4a50-9015-2a5d16b1f3db",
              "parentUUID": "9b584b67-6642-4eac-bc94-0faa2234e662",
              "isHook": false,
              "skipped": false
            },
            {
              "title": "deve atualizar produto no carrinho com sucesso",
              "fullTitle": "Operações no carrinho deve atualizar produto no carrinho com sucesso",
              "timedOut": null,
              "duration": 6934,
              "state": "passed",
              "speed": "medium",
              "pass": true,
              "fail": false,
              "pending": false,
              "context": null,
              "code": "let mensagem = \"Carrinho atualizado.\";\nlet quantidade = Math.floor(Math.random() * 10);\n_productPage.default.irParaCarrinho();\n_carrinhoPage.default.atualizaCarrinho(quantidade);\n_carrinhoPage.default.validaMensagemAdicionado(mensagem);",
              "err": {},
              "uuid": "46a59707-7004-44f4-9f04-90886e445cd0",
              "parentUUID": "9b584b67-6642-4eac-bc94-0faa2234e662",
              "isHook": false,
              "skipped": false
            },
            {
              "title": "deve remover um produto do carrinho com sucesso",
              "fullTitle": "Operações no carrinho deve remover um produto do carrinho com sucesso",
              "timedOut": null,
              "duration": 6306,
              "state": "passed",
              "speed": "medium",
              "pass": true,
              "fail": false,
              "pending": false,
              "context": null,
              "code": "let mensagem = \"“Augusta Pullover Jacket” removido.\";\n_productPage.default.irParaCarrinho();\n_carrinhoPage.default.removeItem();\n_carrinhoPage.default.validaMensagemAdicionado(mensagem);",
              "err": {},
              "uuid": "64dfa936-0202-49a1-bbc0-975901a1d9a3",
              "parentUUID": "9b584b67-6642-4eac-bc94-0faa2234e662",
              "isHook": false,
              "skipped": false
            }
          ],
          "suites": [],
          "passes": [
            "46a59707-7004-44f4-9f04-90886e445cd0",
            "64dfa936-0202-49a1-bbc0-975901a1d9a3"
          ],
          "failures": [
            "8377ce33-8e45-4a50-9015-2a5d16b1f3db"
          ],
          "pending": [],
          "skipped": [],
          "duration": 22108,
          "root": false,
          "rootEmpty": false,
          "_timeout": 2000
        }
      ],
      "passes": [],
      "failures": [],
      "pending": [],
      "skipped": [],
      "duration": 0,
      "root": true,
      "rootEmpty": true,
      "_timeout": 2000
    }
  ],
  "meta": {
    "mocha": {
      "version": "7.0.1"
    },
    "mochawesome": {
      "options": {
        "quiet": false,
        "reportFilename": "mochawesome",
        "saveHtml": false,
        "saveJson": true,
        "consoleReporter": "spec",
        "useInlineDiffs": false,
        "code": true
      },
      "version": "7.1.3"
    },
    "marge": {
      "options": {
        "reportDir": "cypress/results",
        "overwrite": false,
        "html": false,
        "json": true
      },
      "version": "6.2.0"
    }
  }
}