{
  "stats": {
    "suites": 1,
    "tests": 3,
    "passes": 3,
    "pending": 0,
    "failures": 0,
    "start": "2023-07-10T20:39:49.255Z",
    "end": "2023-07-10T20:40:09.865Z",
    "duration": 20610,
    "testsRegistered": 3,
    "passPercent": 100,
    "pendingPercent": 0,
    "other": 0,
    "hasOther": false,
    "skipped": 0,
    "hasSkipped": false
  },
  "results": [
    {
      "uuid": "e75a8e33-f96e-43ca-8799-38009e2ab593",
      "title": "",
      "fullFile": "cypress/e2e/carrinhoProduto.cy.js",
      "file": "cypress/e2e/carrinhoProduto.cy.js",
      "beforeHooks": [],
      "afterHooks": [],
      "tests": [],
      "suites": [
        {
          "uuid": "7d20975d-7555-475c-9215-29281ae7de79",
          "title": "Operações no carrinho",
          "fullFile": "",
          "file": "",
          "beforeHooks": [],
          "afterHooks": [],
          "tests": [
            {
              "title": "deve adicionar item no carrinho com sucesso",
              "fullTitle": "Operações no carrinho deve adicionar item no carrinho com sucesso",
              "timedOut": null,
              "duration": 6131,
              "state": "passed",
              "speed": "medium",
              "pass": true,
              "fail": false,
              "pending": false,
              "context": null,
              "code": "let mensagem = \"\\n                      Ver carrinho\\n                      “Augusta Pullover Jacket” foi adicionado no\\n                      seu carrinho.\\n                    \";\n_productPage.default.validaMensagemAdicionado(mensagem);",
              "err": {},
              "uuid": "b15675be-c79e-4827-9851-f59589a24457",
              "parentUUID": "7d20975d-7555-475c-9215-29281ae7de79",
              "isHook": false,
              "skipped": false
            },
            {
              "title": "deve atualizar um item do carrinho com sucesso",
              "fullTitle": "Operações no carrinho deve atualizar um item do carrinho com sucesso",
              "timedOut": null,
              "duration": 8119,
              "state": "passed",
              "speed": "medium",
              "pass": true,
              "fail": false,
              "pending": false,
              "context": null,
              "code": "let mensagem = \"Carrinho atualizado.\";\nlet quantidade = Math.floor(Math.random() * 10);\n_productPage.default.irParaCarrinho();\n_carrinhoPage.default.atualizaCarrinho(quantidade);\n_carrinhoPage.default.validaMensagemAdicionado(mensagem);",
              "err": {},
              "uuid": "d98b95d6-c16c-4908-a3c6-3daac260ad0d",
              "parentUUID": "7d20975d-7555-475c-9215-29281ae7de79",
              "isHook": false,
              "skipped": false
            },
            {
              "title": "deve remover item do carrinho com sucesso",
              "fullTitle": "Operações no carrinho deve remover item do carrinho com sucesso",
              "timedOut": null,
              "duration": 6169,
              "state": "passed",
              "speed": "medium",
              "pass": true,
              "fail": false,
              "pending": false,
              "context": null,
              "code": "let mensagem = \"“Augusta Pullover Jacket” removido.\";\n_productPage.default.irParaCarrinho();\n_carrinhoPage.default.removeItem();\n_carrinhoPage.default.validaMensagemAdicionado(mensagem);",
              "err": {},
              "uuid": "c1d4bcac-c846-47a6-a1e7-d0fb73be203e",
              "parentUUID": "7d20975d-7555-475c-9215-29281ae7de79",
              "isHook": false,
              "skipped": false
            }
          ],
          "suites": [],
          "passes": [
            "b15675be-c79e-4827-9851-f59589a24457",
            "d98b95d6-c16c-4908-a3c6-3daac260ad0d",
            "c1d4bcac-c846-47a6-a1e7-d0fb73be203e"
          ],
          "failures": [],
          "pending": [],
          "skipped": [],
          "duration": 20419,
          "root": false,
          "rootEmpty": false,
          "_timeout": 2000
        }
      ],
      "passes": [],
      "failures": [],
      "pending": [],
      "skipped": [],
      "duration": 0,
      "root": true,
      "rootEmpty": true,
      "_timeout": 2000
    }
  ],
  "meta": {
    "mocha": {
      "version": "7.0.1"
    },
    "mochawesome": {
      "options": {
        "quiet": false,
        "reportFilename": "mochawesome",
        "saveHtml": false,
        "saveJson": true,
        "consoleReporter": "spec",
        "useInlineDiffs": false,
        "code": true
      },
      "version": "7.1.3"
    },
    "marge": {
      "options": {
        "reportDir": "cypress/results",
        "overwrite": false,
        "html": false,
        "json": true
      },
      "version": "6.2.0"
    }
  }
}