{
  "stats": {
    "suites": 1,
    "tests": 4,
    "passes": 4,
    "pending": 0,
    "failures": 0,
    "start": "2023-07-10T20:50:59.308Z",
    "end": "2023-07-10T20:51:19.088Z",
    "duration": 19780,
    "testsRegistered": 4,
    "passPercent": 100,
    "pendingPercent": 0,
    "other": 0,
    "hasOther": false,
    "skipped": 0,
    "hasSkipped": false
  },
  "results": [
    {
      "uuid": "40d14fb8-7c1f-41d0-a95c-cff54f9fb043",
      "title": "",
      "fullFile": "cypress/e2e/cadastroConta.cy.js",
      "file": "cypress/e2e/cadastroConta.cy.js",
      "beforeHooks": [],
      "afterHooks": [],
      "tests": [],
      "suites": [
        {
          "uuid": "d2d5c9ef-4c4c-4ce4-a29c-b5b333fea2db",
          "title": "Cadastro de conta",
          "fullFile": "",
          "file": "",
          "beforeHooks": [],
          "afterHooks": [],
          "tests": [
            {
              "title": "deve cadastrar uma conta com sucesso",
              "fullTitle": "Cadastro de conta deve cadastrar uma conta com sucesso",
              "timedOut": null,
              "duration": 8579,
              "state": "passed",
              "speed": "medium",
              "pass": true,
              "fail": false,
              "pending": false,
              "context": null,
              "code": "let email = _faker.faker.internet.email();\nemailJaCadastrado = email;\n_minhaConta.default.preencheEmailSenha(email, dados.senha);\n_minhaConta.default.verificaSucesso();",
              "err": {},
              "uuid": "9bb8bdfe-acfc-4166-a1ea-24bde0e27c71",
              "parentUUID": "d2d5c9ef-4c4c-4ce4-a29c-b5b333fea2db",
              "isHook": false,
              "skipped": false
            },
            {
              "title": "não deve cadastrar uma conta usando email já cadastrado",
              "fullTitle": "Cadastro de conta não deve cadastrar uma conta usando email já cadastrado",
              "timedOut": null,
              "duration": 4340,
              "state": "passed",
              "speed": "fast",
              "pass": true,
              "fail": false,
              "pending": false,
              "context": null,
              "code": "_minhaConta.default.preencheEmailSenha(emailJaCadastrado, dados.senha);\n_minhaConta.default.mensagemDeErro();",
              "err": {},
              "uuid": "755e5f62-03cf-4577-a469-a2c032422767",
              "parentUUID": "d2d5c9ef-4c4c-4ce4-a29c-b5b333fea2db",
              "isHook": false,
              "skipped": false
            },
            {
              "title": "não deve cadastrar uma conta com email inválido",
              "fullTitle": "Cadastro de conta não deve cadastrar uma conta com email inválido",
              "timedOut": null,
              "duration": 2990,
              "state": "passed",
              "speed": "fast",
              "pass": true,
              "fail": false,
              "pending": false,
              "context": null,
              "code": "let email = \"teste\";\n_minhaConta.default.preencheEmailSenha(email, dados.senha);\n_minhaConta.default.verificaFalha();",
              "err": {},
              "uuid": "98970e39-6c02-4df2-a226-a33babf7f9a4",
              "parentUUID": "d2d5c9ef-4c4c-4ce4-a29c-b5b333fea2db",
              "isHook": false,
              "skipped": false
            },
            {
              "title": "não deve cadastrar uma conta com senha em branco",
              "fullTitle": "Cadastro de conta não deve cadastrar uma conta com senha em branco",
              "timedOut": null,
              "duration": 3699,
              "state": "passed",
              "speed": "fast",
              "pass": true,
              "fail": false,
              "pending": false,
              "context": null,
              "code": "let email = _faker.faker.internet.email();\n_minhaConta.default.preencheEmail(email);\n_minhaConta.default.mensagemDeErro();",
              "err": {},
              "uuid": "e492e7ec-3bf3-4bc9-bd12-9a6dce83aa92",
              "parentUUID": "d2d5c9ef-4c4c-4ce4-a29c-b5b333fea2db",
              "isHook": false,
              "skipped": false
            }
          ],
          "suites": [],
          "passes": [
            "9bb8bdfe-acfc-4166-a1ea-24bde0e27c71",
            "755e5f62-03cf-4577-a469-a2c032422767",
            "98970e39-6c02-4df2-a226-a33babf7f9a4",
            "e492e7ec-3bf3-4bc9-bd12-9a6dce83aa92"
          ],
          "failures": [],
          "pending": [],
          "skipped": [],
          "duration": 19608,
          "root": false,
          "rootEmpty": false,
          "_timeout": 2000
        }
      ],
      "passes": [],
      "failures": [],
      "pending": [],
      "skipped": [],
      "duration": 0,
      "root": true,
      "rootEmpty": true,
      "_timeout": 2000
    }
  ],
  "meta": {
    "mocha": {
      "version": "7.0.1"
    },
    "mochawesome": {
      "options": {
        "quiet": false,
        "reportFilename": "mochawesome",
        "saveHtml": false,
        "saveJson": true,
        "consoleReporter": "spec",
        "useInlineDiffs": false,
        "code": true
      },
      "version": "7.1.3"
    },
    "marge": {
      "options": {
        "reportDir": "cypress/results",
        "overwrite": false,
        "html": false,
        "json": true
      },
      "version": "6.2.0"
    }
  }
}