{
  "stats": {
    "suites": 1,
    "tests": 1,
    "passes": 1,
    "pending": 0,
    "failures": 0,
    "start": "2023-07-10T20:21:03.859Z",
    "end": "2023-07-10T20:21:04.807Z",
    "duration": 948,
    "testsRegistered": 1,
    "passPercent": 100,
    "pendingPercent": 0,
    "other": 0,
    "hasOther": false,
    "skipped": 0,
    "hasSkipped": false
  },
  "results": [
    {
      "uuid": "913df1dc-6b2d-46a3-afec-b089c61aa4c9",
      "title": "",
      "fullFile": "cypress/e2e/checkout.cy.js",
      "file": "cypress/e2e/checkout.cy.js",
      "beforeHooks": [],
      "afterHooks": [],
      "tests": [],
      "suites": [
        {
          "uuid": "eaef5a75-17d1-493b-b9a3-7bb323238b87",
          "title": "Checkout",
          "fullFile": "",
          "file": "",
          "beforeHooks": [],
          "afterHooks": [],
          "tests": [
            {
              "title": "deve realizar checkout com sucesso",
              "fullTitle": "Checkout deve realizar checkout com sucesso",
              "timedOut": null,
              "duration": 909,
              "state": "passed",
              "speed": "fast",
              "pass": true,
              "fail": false,
              "pending": false,
              "context": null,
              "code": "let nome = _faker.faker.person.firstName;\nlet sobrenome = _faker.faker.person.lastName;\nlet pais = _faker.faker.location.countryCode;\nlet rua = _faker.faker.location.streetName;\nlet cidade = _faker.faker.location.city;\nlet estado = _faker.faker.location.countryCode;\nlet cep = _faker.faker.location.zipCode;\nlet fone = _faker.faker.phone.number;\nlet email = _faker.faker.internet.email();\ncy.adicionaProduto();\ncy.checkout(nome, sobrenome, pais, rua, cidade, estado, cep, fone, email);",
              "err": {},
              "uuid": "ad0c2564-2623-4fab-9532-731ba28c0ab5",
              "parentUUID": "eaef5a75-17d1-493b-b9a3-7bb323238b87",
              "isHook": false,
              "skipped": false
            }
          ],
          "suites": [],
          "passes": [
            "ad0c2564-2623-4fab-9532-731ba28c0ab5"
          ],
          "failures": [],
          "pending": [],
          "skipped": [],
          "duration": 909,
          "root": false,
          "rootEmpty": false,
          "_timeout": 2000
        }
      ],
      "passes": [],
      "failures": [],
      "pending": [],
      "skipped": [],
      "duration": 0,
      "root": true,
      "rootEmpty": true,
      "_timeout": 2000
    }
  ],
  "meta": {
    "mocha": {
      "version": "7.0.1"
    },
    "mochawesome": {
      "options": {
        "quiet": false,
        "reportFilename": "mochawesome",
        "saveHtml": false,
        "saveJson": true,
        "consoleReporter": "spec",
        "useInlineDiffs": false,
        "code": true
      },
      "version": "7.1.3"
    },
    "marge": {
      "options": {
        "reportDir": "cypress/results",
        "overwrite": false,
        "html": false,
        "json": true
      },
      "version": "6.2.0"
    }
  }
}