{
  "stats": {
    "suites": 1,
    "tests": 4,
    "passes": 4,
    "pending": 0,
    "failures": 0,
    "start": "2023-07-10T20:17:32.517Z",
    "end": "2023-07-10T20:17:52.926Z",
    "duration": 20409,
    "testsRegistered": 4,
    "passPercent": 100,
    "pendingPercent": 0,
    "other": 0,
    "hasOther": false,
    "skipped": 0,
    "hasSkipped": false
  },
  "results": [
    {
      "uuid": "8da0cff5-78ed-44ea-bf0b-369f78fa6296",
      "title": "",
      "fullFile": "cypress/e2e/criacaoDeConta.cy.js",
      "file": "cypress/e2e/criacaoDeConta.cy.js",
      "beforeHooks": [],
      "afterHooks": [],
      "tests": [],
      "suites": [
        {
          "uuid": "93bce853-5d28-435a-a2b0-581cddc0a4f9",
          "title": "Criação de nova conta",
          "fullFile": "",
          "file": "",
          "beforeHooks": [],
          "afterHooks": [],
          "tests": [
            {
              "title": "deve criar nova conta com sucesso",
              "fullTitle": "Criação de nova conta deve criar nova conta com sucesso",
              "timedOut": null,
              "duration": 8515,
              "state": "passed",
              "speed": "medium",
              "pass": true,
              "fail": false,
              "pending": false,
              "context": null,
              "code": "let email = _faker.faker.internet.email();\nemailJaCadastrado = email;\n_minhaConta.default.preencheEmailSenha(email, dados.senha);\n_minhaConta.default.verificaSucesso();",
              "err": {},
              "uuid": "7a18b0c7-3d2a-448e-bbd4-9cea92f0a7b6",
              "parentUUID": "93bce853-5d28-435a-a2b0-581cddc0a4f9",
              "isHook": false,
              "skipped": false
            },
            {
              "title": "deve impedir criação de conta com email inválido",
              "fullTitle": "Criação de nova conta deve impedir criação de conta com email inválido",
              "timedOut": null,
              "duration": 3379,
              "state": "passed",
              "speed": "fast",
              "pass": true,
              "fail": false,
              "pending": false,
              "context": null,
              "code": "let email = \"teste\";\n_minhaConta.default.preencheEmailSenha(email, dados.senha);\n_minhaConta.default.verificaFalha();",
              "err": {},
              "uuid": "e34201c1-4d71-4558-add4-192f84b656b2",
              "parentUUID": "93bce853-5d28-435a-a2b0-581cddc0a4f9",
              "isHook": false,
              "skipped": false
            },
            {
              "title": "deve impedir criação de conta com senha em branco",
              "fullTitle": "Criação de nova conta deve impedir criação de conta com senha em branco",
              "timedOut": null,
              "duration": 4199,
              "state": "passed",
              "speed": "fast",
              "pass": true,
              "fail": false,
              "pending": false,
              "context": null,
              "code": "let email = _faker.faker.internet.email();\n_minhaConta.default.preencheEmail(email);\n_minhaConta.default.mensagemDeErro();",
              "err": {},
              "uuid": "f61ab71b-2308-4c99-b27f-11b5a6ae90f8",
              "parentUUID": "93bce853-5d28-435a-a2b0-581cddc0a4f9",
              "isHook": false,
              "skipped": false
            },
            {
              "title": "deve exibir mensagem de email já cadastrado",
              "fullTitle": "Criação de nova conta deve exibir mensagem de email já cadastrado",
              "timedOut": null,
              "duration": 4036,
              "state": "passed",
              "speed": "fast",
              "pass": true,
              "fail": false,
              "pending": false,
              "context": null,
              "code": "_minhaConta.default.preencheEmailSenha(emailJaCadastrado, dados.senha);\n_minhaConta.default.mensagemDeErro();",
              "err": {},
              "uuid": "740182ff-6ec9-4c2c-9a12-1584f91f024e",
              "parentUUID": "93bce853-5d28-435a-a2b0-581cddc0a4f9",
              "isHook": false,
              "skipped": false
            }
          ],
          "suites": [],
          "passes": [
            "7a18b0c7-3d2a-448e-bbd4-9cea92f0a7b6",
            "e34201c1-4d71-4558-add4-192f84b656b2",
            "f61ab71b-2308-4c99-b27f-11b5a6ae90f8",
            "740182ff-6ec9-4c2c-9a12-1584f91f024e"
          ],
          "failures": [],
          "pending": [],
          "skipped": [],
          "duration": 20129,
          "root": false,
          "rootEmpty": false,
          "_timeout": 2000
        }
      ],
      "passes": [],
      "failures": [],
      "pending": [],
      "skipped": [],
      "duration": 0,
      "root": true,
      "rootEmpty": true,
      "_timeout": 2000
    }
  ],
  "meta": {
    "mocha": {
      "version": "7.0.1"
    },
    "mochawesome": {
      "options": {
        "quiet": false,
        "reportFilename": "mochawesome",
        "saveHtml": false,
        "saveJson": true,
        "consoleReporter": "spec",
        "useInlineDiffs": false,
        "code": true
      },
      "version": "7.1.3"
    },
    "marge": {
      "options": {
        "reportDir": "cypress/results",
        "overwrite": false,
        "html": false,
        "json": true
      },
      "version": "6.2.0"
    }
  }
}