{
  "stats": {
    "suites": 1,
    "tests": 1,
    "passes": 1,
    "pending": 0,
    "failures": 0,
    "start": "2023-07-09T14:08:30.945Z",
    "end": "2023-07-09T14:08:32.481Z",
    "duration": 1536,
    "testsRegistered": 1,
    "passPercent": 100,
    "pendingPercent": 0,
    "other": 0,
    "hasOther": false,
    "skipped": 0,
    "hasSkipped": false
  },
  "results": [
    {
      "uuid": "e5c65cdd-a72e-47aa-9205-96bc1fd1a771",
      "title": "",
      "fullFile": "cypress/e2e/checkout.cy.js",
      "file": "cypress/e2e/checkout.cy.js",
      "beforeHooks": [],
      "afterHooks": [],
      "tests": [],
      "suites": [
        {
          "uuid": "2b95ed92-d8e3-4626-b12a-79091843da77",
          "title": "Checkout",
          "fullFile": "",
          "file": "",
          "beforeHooks": [],
          "afterHooks": [],
          "tests": [
            {
              "title": "deve realizar checkout com sucesso",
              "fullTitle": "Checkout deve realizar checkout com sucesso",
              "timedOut": null,
              "duration": 1485,
              "state": "passed",
              "speed": "fast",
              "pass": true,
              "fail": false,
              "pending": false,
              "context": null,
              "code": "let nome = _faker.faker.name.firstName;\nlet sobrenome = _faker.faker.name.lastName;\nlet pais = _faker.faker.address.countryCode;\nlet rua = _faker.faker.address.streetName;\nlet cidade = _faker.faker.address.city;\nlet estado = _faker.faker.address.countryCode;\nlet cep = _faker.faker.address.zipCode;\nlet fone = _faker.faker.phone.number;\nlet email = _faker.faker.internet.email();\ncy.adicionaProduto();\ncy.checkout(nome, sobrenome, pais, rua, cidade, estado, cep, fone, email);",
              "err": {},
              "uuid": "3abe426b-f5c2-4925-97b6-bf729b1ad53f",
              "parentUUID": "2b95ed92-d8e3-4626-b12a-79091843da77",
              "isHook": false,
              "skipped": false
            }
          ],
          "suites": [],
          "passes": [
            "3abe426b-f5c2-4925-97b6-bf729b1ad53f"
          ],
          "failures": [],
          "pending": [],
          "skipped": [],
          "duration": 1485,
          "root": false,
          "rootEmpty": false,
          "_timeout": 2000
        }
      ],
      "passes": [],
      "failures": [],
      "pending": [],
      "skipped": [],
      "duration": 0,
      "root": true,
      "rootEmpty": true,
      "_timeout": 2000
    }
  ],
  "meta": {
    "mocha": {
      "version": "7.0.1"
    },
    "mochawesome": {
      "options": {
        "quiet": false,
        "reportFilename": "mochawesome",
        "saveHtml": false,
        "saveJson": true,
        "consoleReporter": "spec",
        "useInlineDiffs": false,
        "code": true
      },
      "version": "7.1.3"
    },
    "marge": {
      "options": {
        "reportDir": "cypress/results",
        "overwrite": false,
        "html": false,
        "json": true
      },
      "version": "6.2.0"
    }
  }
}