{
  "stats": {
    "suites": 1,
    "tests": 4,
    "passes": 4,
    "pending": 0,
    "failures": 0,
    "start": "2023-07-09T14:10:00.933Z",
    "end": "2023-07-09T14:10:28.375Z",
    "duration": 27442,
    "testsRegistered": 4,
    "passPercent": 100,
    "pendingPercent": 0,
    "other": 0,
    "hasOther": false,
    "skipped": 0,
    "hasSkipped": false
  },
  "results": [
    {
      "uuid": "32afd8d2-01db-4ea6-a1a6-fe3407692646",
      "title": "",
      "fullFile": "cypress/e2e/criacaoDeConta.cy.js",
      "file": "cypress/e2e/criacaoDeConta.cy.js",
      "beforeHooks": [],
      "afterHooks": [],
      "tests": [],
      "suites": [
        {
          "uuid": "6e75e0ad-f1af-4e62-8fcd-6bf148121d16",
          "title": "Criação de nova conta",
          "fullFile": "",
          "file": "",
          "beforeHooks": [],
          "afterHooks": [],
          "tests": [
            {
              "title": "deve criar nova conta com sucesso",
              "fullTitle": "Criação de nova conta deve criar nova conta com sucesso",
              "timedOut": null,
              "duration": 11862,
              "state": "passed",
              "speed": "slow",
              "pass": true,
              "fail": false,
              "pending": false,
              "context": null,
              "code": "let email = _faker.faker.internet.email();\nemailJaCadastrado = email;\n_minhaConta.default.preencheEmailSenha(email, dados.senha);\n_minhaConta.default.verificaSucesso();",
              "err": {},
              "uuid": "b09b982d-56d8-4cd9-ad50-4bb0942b04e7",
              "parentUUID": "6e75e0ad-f1af-4e62-8fcd-6bf148121d16",
              "isHook": false,
              "skipped": false
            },
            {
              "title": "deve impedir criação de conta com email inválido",
              "fullTitle": "Criação de nova conta deve impedir criação de conta com email inválido",
              "timedOut": null,
              "duration": 4671,
              "state": "passed",
              "speed": "fast",
              "pass": true,
              "fail": false,
              "pending": false,
              "context": null,
              "code": "let email = \"teste\";\n_minhaConta.default.preencheEmailSenha(email, dados.senha);\n_minhaConta.default.verificaFalha();",
              "err": {},
              "uuid": "1c1f4b80-682f-41ca-b716-aa319403939c",
              "parentUUID": "6e75e0ad-f1af-4e62-8fcd-6bf148121d16",
              "isHook": false,
              "skipped": false
            },
            {
              "title": "deve impedir criação de conta com senha em branco",
              "fullTitle": "Criação de nova conta deve impedir criação de conta com senha em branco",
              "timedOut": null,
              "duration": 5632,
              "state": "passed",
              "speed": "medium",
              "pass": true,
              "fail": false,
              "pending": false,
              "context": null,
              "code": "let email = _faker.faker.internet.email();\n_minhaConta.default.preencheEmail(email);\n_minhaConta.default.mensagemDeErro();",
              "err": {},
              "uuid": "be12cb62-c5c6-4869-b6f8-acd29d86653b",
              "parentUUID": "6e75e0ad-f1af-4e62-8fcd-6bf148121d16",
              "isHook": false,
              "skipped": false
            },
            {
              "title": "deve exibir mensagem de email já cadastrado",
              "fullTitle": "Criação de nova conta deve exibir mensagem de email já cadastrado",
              "timedOut": null,
              "duration": 4962,
              "state": "passed",
              "speed": "fast",
              "pass": true,
              "fail": false,
              "pending": false,
              "context": null,
              "code": "_minhaConta.default.preencheEmailSenha(emailJaCadastrado, dados.senha);\n_minhaConta.default.mensagemDeErro();",
              "err": {},
              "uuid": "640d1843-69a2-435b-b888-93ed05e17b69",
              "parentUUID": "6e75e0ad-f1af-4e62-8fcd-6bf148121d16",
              "isHook": false,
              "skipped": false
            }
          ],
          "suites": [],
          "passes": [
            "b09b982d-56d8-4cd9-ad50-4bb0942b04e7",
            "1c1f4b80-682f-41ca-b716-aa319403939c",
            "be12cb62-c5c6-4869-b6f8-acd29d86653b",
            "640d1843-69a2-435b-b888-93ed05e17b69"
          ],
          "failures": [],
          "pending": [],
          "skipped": [],
          "duration": 27127,
          "root": false,
          "rootEmpty": false,
          "_timeout": 2000
        }
      ],
      "passes": [],
      "failures": [],
      "pending": [],
      "skipped": [],
      "duration": 0,
      "root": true,
      "rootEmpty": true,
      "_timeout": 2000
    }
  ],
  "meta": {
    "mocha": {
      "version": "7.0.1"
    },
    "mochawesome": {
      "options": {
        "quiet": false,
        "reportFilename": "mochawesome",
        "saveHtml": false,
        "saveJson": true,
        "consoleReporter": "spec",
        "useInlineDiffs": false,
        "code": true
      },
      "version": "7.1.3"
    },
    "marge": {
      "options": {
        "reportDir": "cypress/results",
        "overwrite": false,
        "html": false,
        "json": true
      },
      "version": "6.2.0"
    }
  }
}