{
    "stats": {
      "suites": 1,
      "tests": 1,
      "passes": 1,
      "pending": 0,
      "failures": 0,
      "start": "2023-06-02T17:47:12.917Z",
      "end": "2023-06-02T17:47:14.130Z",
      "duration": 1213,
      "testsRegistered": 1,
      "passPercent": 100,
      "pendingPercent": 0,
      "other": 0,
      "hasOther": false,
      "skipped": 0,
      "hasSkipped": false
    },
    "results": [
      {
        "uuid": "5a421f5f-08d5-47af-b5cd-2cbc0a21d01a",
        "title": "",
        "fullFile": "cypress\\e2e\\checkout.cy.js",
        "file": "cypress\\e2e\\checkout.cy.js",
        "beforeHooks": [],
        "afterHooks": [],
        "tests": [],
        "suites": [
          {
            "uuid": "a2da1371-c988-45ec-a59c-55967915575f",
            "title": "Checkout",
            "fullFile": "",
            "file": "",
            "beforeHooks": [],
            "afterHooks": [],
            "tests": [
              {
                "title": "deve realizar checkout com sucesso",
                "fullTitle": "Checkout deve realizar checkout com sucesso",
                "timedOut": null,
                "duration": 1158,
                "state": "passed",
                "speed": "fast",
                "pass": true,
                "fail": false,
                "pending": false,
                "context": null,
                "code": "let nome = _faker.faker.name.firstName;\nlet sobrenome = _faker.faker.name.lastName;\nlet pais = _faker.faker.address.countryCode;\nlet rua = _faker.faker.address.streetName;\nlet cidade = _faker.faker.address.city;\nlet estado = _faker.faker.address.countryCode;\nlet cep = _faker.faker.address.zipCode;\nlet fone = _faker.faker.phone.number;\nlet email = _faker.faker.internet.email();\ncy.adicionaProduto();\ncy.checkout(nome, sobrenome, pais, rua, cidade, estado, cep, fone, email);",
                "err": {},
                "uuid": "619148b2-7a84-431f-92b7-fd9d792689cf",
                "parentUUID": "a2da1371-c988-45ec-a59c-55967915575f",
                "isHook": false,
                "skipped": false
              }
            ],
            "suites": [],
            "passes": [
              "619148b2-7a84-431f-92b7-fd9d792689cf"
            ],
            "failures": [],
            "pending": [],
            "skipped": [],
            "duration": 1158,
            "root": false,
            "rootEmpty": false,
            "_timeout": 2000
          }
        ],
        "passes": [],
        "failures": [],
        "pending": [],
        "skipped": [],
        "duration": 0,
        "root": true,
        "rootEmpty": true,
        "_timeout": 2000
      }
    ],
    "meta": {
      "mocha": {
        "version": "7.0.1"
      },
      "mochawesome": {
        "options": {
          "quiet": false,
          "reportFilename": "mochawesome",
          "saveHtml": false,
          "saveJson": true,
          "consoleReporter": "spec",
          "useInlineDiffs": false,
          "code": true
        },
        "version": "7.1.3"
      },
      "marge": {
        "options": {
          "reportDir": "cypress/results",
          "overwrite": false,
          "html": false,
          "json": true
        },
        "version": "6.2.0"
      }
    }
  }