{
  "stats": {
    "suites": 1,
    "tests": 4,
    "passes": 4,
    "pending": 0,
    "failures": 0,
    "start": "2023-07-10T20:27:49.435Z",
    "end": "2023-07-10T20:28:14.591Z",
    "duration": 25156,
    "testsRegistered": 4,
    "passPercent": 100,
    "pendingPercent": 0,
    "other": 0,
    "hasOther": false,
    "skipped": 0,
    "hasSkipped": false
  },
  "results": [
    {
      "uuid": "32cbdfe2-420e-471c-bd03-f13ce1c8ccf1",
      "title": "",
      "fullFile": "cypress/e2e/criacaoDeConta.cy.js",
      "file": "cypress/e2e/criacaoDeConta.cy.js",
      "beforeHooks": [],
      "afterHooks": [],
      "tests": [],
      "suites": [
        {
          "uuid": "0d09759d-a629-4299-b9be-be5996a85a9a",
          "title": "Criação de nova conta",
          "fullFile": "",
          "file": "",
          "beforeHooks": [],
          "afterHooks": [],
          "tests": [
            {
              "title": "deve criar nova conta com sucesso",
              "fullTitle": "Criação de nova conta deve criar nova conta com sucesso",
              "timedOut": null,
              "duration": 9581,
              "state": "passed",
              "speed": "medium",
              "pass": true,
              "fail": false,
              "pending": false,
              "context": null,
              "code": "let email = _faker.faker.internet.email();\nemailJaCadastrado = email;\n_minhaConta.default.preencheEmailSenha(email, dados.senha);\n_minhaConta.default.verificaSucesso();",
              "err": {},
              "uuid": "591b5c15-33db-4ea7-b753-23d580189f66",
              "parentUUID": "0d09759d-a629-4299-b9be-be5996a85a9a",
              "isHook": false,
              "skipped": false
            },
            {
              "title": "deve impedir criação de conta com email inválido",
              "fullTitle": "Criação de nova conta deve impedir criação de conta com email inválido",
              "timedOut": null,
              "duration": 4150,
              "state": "passed",
              "speed": "fast",
              "pass": true,
              "fail": false,
              "pending": false,
              "context": null,
              "code": "let email = \"teste\";\n_minhaConta.default.preencheEmailSenha(email, dados.senha);\n_minhaConta.default.verificaFalha();",
              "err": {},
              "uuid": "840fd8ca-1155-40a0-85a6-641017a8737f",
              "parentUUID": "0d09759d-a629-4299-b9be-be5996a85a9a",
              "isHook": false,
              "skipped": false
            },
            {
              "title": "deve impedir criação de conta com senha em branco",
              "fullTitle": "Criação de nova conta deve impedir criação de conta com senha em branco",
              "timedOut": null,
              "duration": 4468,
              "state": "passed",
              "speed": "fast",
              "pass": true,
              "fail": false,
              "pending": false,
              "context": null,
              "code": "let email = _faker.faker.internet.email();\n_minhaConta.default.preencheEmail(email);\n_minhaConta.default.mensagemDeErro();",
              "err": {},
              "uuid": "ec0f8858-0c68-4b6f-b0b2-bc218fb1282b",
              "parentUUID": "0d09759d-a629-4299-b9be-be5996a85a9a",
              "isHook": false,
              "skipped": false
            },
            {
              "title": "deve exibir mensagem de email já cadastrado",
              "fullTitle": "Criação de nova conta deve exibir mensagem de email já cadastrado",
              "timedOut": null,
              "duration": 5964,
              "state": "passed",
              "speed": "medium",
              "pass": true,
              "fail": false,
              "pending": false,
              "context": null,
              "code": "_minhaConta.default.preencheEmailSenha(emailJaCadastrado, dados.senha);\n_minhaConta.default.mensagemDeErro();",
              "err": {},
              "uuid": "cdac6c78-748c-4582-973d-adc2b6934f1e",
              "parentUUID": "0d09759d-a629-4299-b9be-be5996a85a9a",
              "isHook": false,
              "skipped": false
            }
          ],
          "suites": [],
          "passes": [
            "591b5c15-33db-4ea7-b753-23d580189f66",
            "840fd8ca-1155-40a0-85a6-641017a8737f",
            "ec0f8858-0c68-4b6f-b0b2-bc218fb1282b",
            "cdac6c78-748c-4582-973d-adc2b6934f1e"
          ],
          "failures": [],
          "pending": [],
          "skipped": [],
          "duration": 24163,
          "root": false,
          "rootEmpty": false,
          "_timeout": 2000
        }
      ],
      "passes": [],
      "failures": [],
      "pending": [],
      "skipped": [],
      "duration": 0,
      "root": true,
      "rootEmpty": true,
      "_timeout": 2000
    }
  ],
  "meta": {
    "mocha": {
      "version": "7.0.1"
    },
    "mochawesome": {
      "options": {
        "quiet": false,
        "reportFilename": "mochawesome",
        "saveHtml": false,
        "saveJson": true,
        "consoleReporter": "spec",
        "useInlineDiffs": false,
        "code": true
      },
      "version": "7.1.3"
    },
    "marge": {
      "options": {
        "reportDir": "cypress/results",
        "overwrite": false,
        "html": false,
        "json": true
      },
      "version": "6.2.0"
    }
  }
}