{
    "stats": {
      "suites": 1,
      "tests": 4,
      "passes": 4,
      "pending": 0,
      "failures": 0,
      "start": "2023-03-06T17:43:34.870Z",
      "end": "2023-03-06T17:44:00.690Z",
      "duration": 25820,
      "testsRegistered": 4,
      "passPercent": 100,
      "pendingPercent": 0,
      "other": 0,
      "hasOther": false,
      "skipped": 0,
      "hasSkipped": false
    },
    "results": [
      {
        "uuid": "165c83f9-1bb7-4e73-95bc-89212f5ee809",
        "title": "",
        "fullFile": "cypress\\e2e\\criacaoDeConta.cy.js",
        "file": "cypress\\e2e\\criacaoDeConta.cy.js",
        "beforeHooks": [],
        "afterHooks": [],
        "tests": [],
        "suites": [
          {
            "uuid": "1f622086-6624-45d8-b428-e3dd9f6ecb70",
            "title": "Criação de nova conta",
            "fullFile": "",
            "file": "",
            "beforeHooks": [],
            "afterHooks": [],
            "tests": [
              {
                "title": "deve criar nova conta com sucesso",
                "fullTitle": "Criação de nova conta deve criar nova conta com sucesso",
                "timedOut": null,
                "duration": 13211,
                "state": "passed",
                "speed": "slow",
                "pass": true,
                "fail": false,
                "pending": false,
                "context": null,
                "code": "let email = _faker.faker.internet.email();\nemailJaCadastrado = email;\n_minhaConta.default.preencheEmailSenha(email, dados.senha);\n_minhaConta.default.verificaSucesso();",
                "err": {},
                "uuid": "a74a2adf-147e-496a-b1bb-f665b5e9aa16",
                "parentUUID": "1f622086-6624-45d8-b428-e3dd9f6ecb70",
                "isHook": false,
                "skipped": false
              },
              {
                "title": "deve impedir criação de conta com email inválido",
                "fullTitle": "Criação de nova conta deve impedir criação de conta com email inválido",
                "timedOut": null,
                "duration": 3707,
                "state": "passed",
                "speed": "fast",
                "pass": true,
                "fail": false,
                "pending": false,
                "context": null,
                "code": "let email = \"teste\";\n_minhaConta.default.preencheEmailSenha(email, dados.senha);\n_minhaConta.default.verificaFalha();",
                "err": {},
                "uuid": "0c4daa5e-9f2d-4e59-bff3-5e4423560eaf",
                "parentUUID": "1f622086-6624-45d8-b428-e3dd9f6ecb70",
                "isHook": false,
                "skipped": false
              },
              {
                "title": "deve impedir criação de conta com senha em branco",
                "fullTitle": "Criação de nova conta deve impedir criação de conta com senha em branco",
                "timedOut": null,
                "duration": 4426,
                "state": "passed",
                "speed": "fast",
                "pass": true,
                "fail": false,
                "pending": false,
                "context": null,
                "code": "let email = _faker.faker.internet.email();\n_minhaConta.default.preencheEmail(email);\n_minhaConta.default.mensagemDeErro();",
                "err": {},
                "uuid": "704a27e9-8ba0-43ff-bc13-11ace7cdf664",
                "parentUUID": "1f622086-6624-45d8-b428-e3dd9f6ecb70",
                "isHook": false,
                "skipped": false
              },
              {
                "title": "deve exibir mensagem de email já cadastrado",
                "fullTitle": "Criação de nova conta deve exibir mensagem de email já cadastrado",
                "timedOut": null,
                "duration": 4236,
                "state": "passed",
                "speed": "fast",
                "pass": true,
                "fail": false,
                "pending": false,
                "context": null,
                "code": "_minhaConta.default.preencheEmailSenha(emailJaCadastrado, dados.senha);\n_minhaConta.default.mensagemDeErro();",
                "err": {},
                "uuid": "4a13a279-46e1-478e-b03e-f515d76765c4",
                "parentUUID": "1f622086-6624-45d8-b428-e3dd9f6ecb70",
                "isHook": false,
                "skipped": false
              }
            ],
            "suites": [],
            "passes": [
              "a74a2adf-147e-496a-b1bb-f665b5e9aa16",
              "0c4daa5e-9f2d-4e59-bff3-5e4423560eaf",
              "704a27e9-8ba0-43ff-bc13-11ace7cdf664",
              "4a13a279-46e1-478e-b03e-f515d76765c4"
            ],
            "failures": [],
            "pending": [],
            "skipped": [],
            "duration": 25580,
            "root": false,
            "rootEmpty": false,
            "_timeout": 2000
          }
        ],
        "passes": [],
        "failures": [],
        "pending": [],
        "skipped": [],
        "duration": 0,
        "root": true,
        "rootEmpty": true,
        "_timeout": 2000
      }
    ],
    "meta": {
      "mocha": {
        "version": "7.0.1"
      },
      "mochawesome": {
        "options": {
          "quiet": false,
          "reportFilename": "mochawesome",
          "saveHtml": false,
          "saveJson": true,
          "consoleReporter": "spec",
          "useInlineDiffs": false,
          "code": true
        },
        "version": "7.1.3"
      },
      "marge": {
        "options": {
          "reportDir": "cypress/results",
          "overwrite": false,
          "html": false,
          "json": true
        },
        "version": "6.2.0"
      }
    }
  }