{
  "stats": {
    "suites": 1,
    "tests": 1,
    "passes": 1,
    "pending": 0,
    "failures": 0,
    "start": "2023-07-10T20:17:23.199Z",
    "end": "2023-07-10T20:17:24.087Z",
    "duration": 888,
    "testsRegistered": 1,
    "passPercent": 100,
    "pendingPercent": 0,
    "other": 0,
    "hasOther": false,
    "skipped": 0,
    "hasSkipped": false
  },
  "results": [
    {
      "uuid": "aa601f8c-80cb-4190-95a6-fba883654e95",
      "title": "",
      "fullFile": "cypress/e2e/checkout.cy.js",
      "file": "cypress/e2e/checkout.cy.js",
      "beforeHooks": [],
      "afterHooks": [],
      "tests": [],
      "suites": [
        {
          "uuid": "08921227-9db9-4a70-af24-5f25e5530479",
          "title": "Checkout",
          "fullFile": "",
          "file": "",
          "beforeHooks": [],
          "afterHooks": [],
          "tests": [
            {
              "title": "deve realizar checkout com sucesso",
              "fullTitle": "Checkout deve realizar checkout com sucesso",
              "timedOut": null,
              "duration": 858,
              "state": "passed",
              "speed": "fast",
              "pass": true,
              "fail": false,
              "pending": false,
              "context": null,
              "code": "let nome = _faker.faker.person.firstName;\nlet sobrenome = _faker.faker.person.lastName;\nlet pais = _faker.faker.address.countryCode;\nlet rua = _faker.faker.address.streetName;\nlet cidade = _faker.faker.address.city;\nlet estado = _faker.faker.address.countryCode;\nlet cep = _faker.faker.address.zipCode;\nlet fone = _faker.faker.phone.number;\nlet email = _faker.faker.internet.email();\ncy.adicionaProduto();\ncy.checkout(nome, sobrenome, pais, rua, cidade, estado, cep, fone, email);",
              "err": {},
              "uuid": "01a2dfad-9f4f-4964-9ef5-b002c75f5f06",
              "parentUUID": "08921227-9db9-4a70-af24-5f25e5530479",
              "isHook": false,
              "skipped": false
            }
          ],
          "suites": [],
          "passes": [
            "01a2dfad-9f4f-4964-9ef5-b002c75f5f06"
          ],
          "failures": [],
          "pending": [],
          "skipped": [],
          "duration": 858,
          "root": false,
          "rootEmpty": false,
          "_timeout": 2000
        }
      ],
      "passes": [],
      "failures": [],
      "pending": [],
      "skipped": [],
      "duration": 0,
      "root": true,
      "rootEmpty": true,
      "_timeout": 2000
    }
  ],
  "meta": {
    "mocha": {
      "version": "7.0.1"
    },
    "mochawesome": {
      "options": {
        "quiet": false,
        "reportFilename": "mochawesome",
        "saveHtml": false,
        "saveJson": true,
        "consoleReporter": "spec",
        "useInlineDiffs": false,
        "code": true
      },
      "version": "7.1.3"
    },
    "marge": {
      "options": {
        "reportDir": "cypress/results",
        "overwrite": false,
        "html": false,
        "json": true
      },
      "version": "6.2.0"
    }
  }
}