{
    "stats": {
      "suites": 1,
      "tests": 4,
      "passes": 4,
      "pending": 0,
      "failures": 0,
      "start": "2023-06-02T17:47:29.083Z",
      "end": "2023-06-02T17:48:12.180Z",
      "duration": 43097,
      "testsRegistered": 4,
      "passPercent": 100,
      "pendingPercent": 0,
      "other": 0,
      "hasOther": false,
      "skipped": 0,
      "hasSkipped": false
    },
    "results": [
      {
        "uuid": "2f710bb1-4309-4412-b455-412d8cc12be5",
        "title": "",
        "fullFile": "cypress\\e2e\\criacaoDeConta.cy.js",
        "file": "cypress\\e2e\\criacaoDeConta.cy.js",
        "beforeHooks": [],
        "afterHooks": [],
        "tests": [],
        "suites": [
          {
            "uuid": "f9feb528-52f3-46c8-84c6-d286c6af99ae",
            "title": "Criação de nova conta",
            "fullFile": "",
            "file": "",
            "beforeHooks": [],
            "afterHooks": [],
            "tests": [
              {
                "title": "deve criar nova conta com sucesso",
                "fullTitle": "Criação de nova conta deve criar nova conta com sucesso",
                "timedOut": null,
                "duration": 16746,
                "state": "passed",
                "speed": "slow",
                "pass": true,
                "fail": false,
                "pending": false,
                "context": null,
                "code": "let email = _faker.faker.internet.email();\nemailJaCadastrado = email;\n_minhaConta.default.preencheEmailSenha(email, dados.senha);\n_minhaConta.default.verificaSucesso();",
                "err": {},
                "uuid": "07817d97-5f0f-4eee-88ee-8e86e113752f",
                "parentUUID": "f9feb528-52f3-46c8-84c6-d286c6af99ae",
                "isHook": false,
                "skipped": false
              },
              {
                "title": "deve impedir criação de conta com email inválido",
                "fullTitle": "Criação de nova conta deve impedir criação de conta com email inválido",
                "timedOut": null,
                "duration": 8718,
                "state": "passed",
                "speed": "medium",
                "pass": true,
                "fail": false,
                "pending": false,
                "context": null,
                "code": "let email = \"teste\";\n_minhaConta.default.preencheEmailSenha(email, dados.senha);\n_minhaConta.default.verificaFalha();",
                "err": {},
                "uuid": "4223d0f6-2f2d-4d86-8b9a-45953a2b3a8c",
                "parentUUID": "f9feb528-52f3-46c8-84c6-d286c6af99ae",
                "isHook": false,
                "skipped": false
              },
              {
                "title": "deve impedir criação de conta com senha em branco",
                "fullTitle": "Criação de nova conta deve impedir criação de conta com senha em branco",
                "timedOut": null,
                "duration": 10007,
                "state": "passed",
                "speed": "slow",
                "pass": true,
                "fail": false,
                "pending": false,
                "context": null,
                "code": "let email = _faker.faker.internet.email();\n_minhaConta.default.preencheEmail(email);\n_minhaConta.default.mensagemDeErro();",
                "err": {},
                "uuid": "af392183-ac8e-4c1f-9f40-2a626c0e93ed",
                "parentUUID": "f9feb528-52f3-46c8-84c6-d286c6af99ae",
                "isHook": false,
                "skipped": false
              },
              {
                "title": "deve exibir mensagem de email já cadastrado",
                "fullTitle": "Criação de nova conta deve exibir mensagem de email já cadastrado",
                "timedOut": null,
                "duration": 7244,
                "state": "passed",
                "speed": "medium",
                "pass": true,
                "fail": false,
                "pending": false,
                "context": null,
                "code": "_minhaConta.default.preencheEmailSenha(emailJaCadastrado, dados.senha);\n_minhaConta.default.mensagemDeErro();",
                "err": {},
                "uuid": "42225cc4-c4dd-4086-9da7-d86326a5a630",
                "parentUUID": "f9feb528-52f3-46c8-84c6-d286c6af99ae",
                "isHook": false,
                "skipped": false
              }
            ],
            "suites": [],
            "passes": [
              "07817d97-5f0f-4eee-88ee-8e86e113752f",
              "4223d0f6-2f2d-4d86-8b9a-45953a2b3a8c",
              "af392183-ac8e-4c1f-9f40-2a626c0e93ed",
              "42225cc4-c4dd-4086-9da7-d86326a5a630"
            ],
            "failures": [],
            "pending": [],
            "skipped": [],
            "duration": 42715,
            "root": false,
            "rootEmpty": false,
            "_timeout": 2000
          }
        ],
        "passes": [],
        "failures": [],
        "pending": [],
        "skipped": [],
        "duration": 0,
        "root": true,
        "rootEmpty": true,
        "_timeout": 2000
      }
    ],
    "meta": {
      "mocha": {
        "version": "7.0.1"
      },
      "mochawesome": {
        "options": {
          "quiet": false,
          "reportFilename": "mochawesome",
          "saveHtml": false,
          "saveJson": true,
          "consoleReporter": "spec",
          "useInlineDiffs": false,
          "code": true
        },
        "version": "7.1.3"
      },
      "marge": {
        "options": {
          "reportDir": "cypress/results",
          "overwrite": false,
          "html": false,
          "json": true
        },
        "version": "6.2.0"
      }
    }
  }