{
  "stats": {
    "suites": 1,
    "tests": 3,
    "passes": 3,
    "pending": 0,
    "failures": 0,
    "start": "2023-07-10T20:45:46.887Z",
    "end": "2023-07-10T20:46:05.856Z",
    "duration": 18969,
    "testsRegistered": 3,
    "passPercent": 100,
    "pendingPercent": 0,
    "other": 0,
    "hasOther": false,
    "skipped": 0,
    "hasSkipped": false
  },
  "results": [
    {
      "uuid": "c12eafc4-78be-4b21-a992-8ee5ddb02461",
      "title": "",
      "fullFile": "cypress/e2e/carrinho.cy.js",
      "file": "cypress/e2e/carrinho.cy.js",
      "beforeHooks": [],
      "afterHooks": [],
      "tests": [],
      "suites": [
        {
          "uuid": "abf2af79-cdcc-48cb-86cc-4da72052f4d0",
          "title": "Operações no carrinho",
          "fullFile": "",
          "file": "",
          "beforeHooks": [],
          "afterHooks": [],
          "tests": [
            {
              "title": "deve adicionar produto no carrinho com sucesso",
              "fullTitle": "Operações no carrinho deve adicionar produto no carrinho com sucesso",
              "timedOut": null,
              "duration": 4820,
              "state": "passed",
              "speed": "fast",
              "pass": true,
              "fail": false,
              "pending": false,
              "context": null,
              "code": "let mensagem = \"\\n                      Ver carrinho\\n                      “Augusta Pullover Jacket” foi adicionado no\\n                      seu carrinho.\\n                    \";\n_productPage.default.validaMensagemAdicionado(mensagem);",
              "err": {},
              "uuid": "2836b3b4-90d0-4ddf-8659-099605133bba",
              "parentUUID": "abf2af79-cdcc-48cb-86cc-4da72052f4d0",
              "isHook": false,
              "skipped": false
            },
            {
              "title": "deve atualizar produto no carrinho com sucesso",
              "fullTitle": "Operações no carrinho deve atualizar produto no carrinho com sucesso",
              "timedOut": null,
              "duration": 7170,
              "state": "passed",
              "speed": "medium",
              "pass": true,
              "fail": false,
              "pending": false,
              "context": null,
              "code": "let mensagem = \"Carrinho atualizado.\";\nlet quantidade = Math.floor(Math.random() * 10);\n_productPage.default.irParaCarrinho();\n_carrinhoPage.default.atualizaCarrinho(quantidade);\n_carrinhoPage.default.validaMensagemAdicionado(mensagem);",
              "err": {},
              "uuid": "71747ce1-5719-4aa1-bbeb-722a9068d9a1",
              "parentUUID": "abf2af79-cdcc-48cb-86cc-4da72052f4d0",
              "isHook": false,
              "skipped": false
            },
            {
              "title": "deve remover um produto do carrinho com sucesso",
              "fullTitle": "Operações no carrinho deve remover um produto do carrinho com sucesso",
              "timedOut": null,
              "duration": 6799,
              "state": "passed",
              "speed": "medium",
              "pass": true,
              "fail": false,
              "pending": false,
              "context": null,
              "code": "let mensagem = \"“Augusta Pullover Jacket” removido.\";\n_productPage.default.irParaCarrinho();\n_carrinhoPage.default.removeItem();\n_carrinhoPage.default.validaMensagemAdicionado(mensagem);",
              "err": {},
              "uuid": "fbd7494f-41a1-4d0a-83a4-39b66100b758",
              "parentUUID": "abf2af79-cdcc-48cb-86cc-4da72052f4d0",
              "isHook": false,
              "skipped": false
            }
          ],
          "suites": [],
          "passes": [
            "2836b3b4-90d0-4ddf-8659-099605133bba",
            "71747ce1-5719-4aa1-bbeb-722a9068d9a1",
            "fbd7494f-41a1-4d0a-83a4-39b66100b758"
          ],
          "failures": [],
          "pending": [],
          "skipped": [],
          "duration": 18789,
          "root": false,
          "rootEmpty": false,
          "_timeout": 2000
        }
      ],
      "passes": [],
      "failures": [],
      "pending": [],
      "skipped": [],
      "duration": 0,
      "root": true,
      "rootEmpty": true,
      "_timeout": 2000
    }
  ],
  "meta": {
    "mocha": {
      "version": "7.0.1"
    },
    "mochawesome": {
      "options": {
        "quiet": false,
        "reportFilename": "mochawesome",
        "saveHtml": false,
        "saveJson": true,
        "consoleReporter": "spec",
        "useInlineDiffs": false,
        "code": true
      },
      "version": "7.1.3"
    },
    "marge": {
      "options": {
        "reportDir": "cypress/results",
        "overwrite": false,
        "html": false,
        "json": true
      },
      "version": "6.2.0"
    }
  }
}